<?xml version="1.0" encoding="UTF-8"?>
<testsuite xmlns:xsi="http://www.w3.org/2001/XMLSchema-instance" xsi:noNamespaceSchemaLocation="https://maven.apache.org/surefire/maven-surefire-plugin/xsd/surefire-test-report-3.0.xsd" version="3.0" name="com.rishabh.exchangeRate.services.SchedulerServiceTest" time="0.619" tests="2" errors="0" skipped="0" failures="0">
  <properties>
    <property name="java.specification.version" value="17"/>
    <property name="sun.cpu.isalist" value="amd64"/>
    <property name="sun.jnu.encoding" value="Cp1252"/>
    <property name="java.class.path" value="C:\Users\risha\Downloads\exchangeRate\exchangeRate\target\test-classes;C:\Users\risha\Downloads\exchangeRate\exchangeRate\target\classes;C:\Users\risha\.m2\repository\org\springframework\boot\spring-boot-starter-data-mongodb\3.2.2\spring-boot-starter-data-mongodb-3.2.2.jar;C:\Users\risha\.m2\repository\org\springframework\boot\spring-boot-starter\3.2.2\spring-boot-starter-3.2.2.jar;C:\Users\risha\.m2\repository\org\springframework\boot\spring-boot\3.2.2\spring-boot-3.2.2.jar;C:\Users\risha\.m2\repository\org\springframework\boot\spring-boot-autoconfigure\3.2.2\spring-boot-autoconfigure-3.2.2.jar;C:\Users\risha\.m2\repository\org\springframework\boot\spring-boot-starter-logging\3.2.2\spring-boot-starter-logging-3.2.2.jar;C:\Users\risha\.m2\repository\ch\qos\logback\logback-classic\1.4.14\logback-classic-1.4.14.jar;C:\Users\risha\.m2\repository\ch\qos\logback\logback-core\1.4.14\logback-core-1.4.14.jar;C:\Users\risha\.m2\repository\org\apache\logging\log4j\log4j-to-slf4j\2.21.1\log4j-to-slf4j-2.21.1.jar;C:\Users\risha\.m2\repository\org\apache\logging\log4j\log4j-api\2.21.1\log4j-api-2.21.1.jar;C:\Users\risha\.m2\repository\org\slf4j\jul-to-slf4j\2.0.11\jul-to-slf4j-2.0.11.jar;C:\Users\risha\.m2\repository\jakarta\annotation\jakarta.annotation-api\2.1.1\jakarta.annotation-api-2.1.1.jar;C:\Users\risha\.m2\repository\org\yaml\snakeyaml\2.2\snakeyaml-2.2.jar;C:\Users\risha\.m2\repository\org\mongodb\mongodb-driver-sync\4.11.1\mongodb-driver-sync-4.11.1.jar;C:\Users\risha\.m2\repository\org\mongodb\bson\4.11.1\bson-4.11.1.jar;C:\Users\risha\.m2\repository\org\mongodb\mongodb-driver-core\4.11.1\mongodb-driver-core-4.11.1.jar;C:\Users\risha\.m2\repository\org\mongodb\bson-record-codec\4.11.1\bson-record-codec-4.11.1.jar;C:\Users\risha\.m2\repository\org\springframework\data\spring-data-mongodb\4.2.2\spring-data-mongodb-4.2.2.jar;C:\Users\risha\.m2\repository\org\springframework\spring-tx\6.1.3\spring-tx-6.1.3.jar;C:\Users\risha\.m2\repository\org\springframework\spring-context\6.1.3\spring-context-6.1.3.jar;C:\Users\risha\.m2\repository\org\springframework\spring-beans\6.1.3\spring-beans-6.1.3.jar;C:\Users\risha\.m2\repository\org\springframework\spring-expression\6.1.3\spring-expression-6.1.3.jar;C:\Users\risha\.m2\repository\org\springframework\data\spring-data-commons\3.2.2\spring-data-commons-3.2.2.jar;C:\Users\risha\.m2\repository\org\slf4j\slf4j-api\2.0.11\slf4j-api-2.0.11.jar;C:\Users\risha\.m2\repository\org\springframework\boot\spring-boot-starter-web\3.2.2\spring-boot-starter-web-3.2.2.jar;C:\Users\risha\.m2\repository\org\springframework\boot\spring-boot-starter-json\3.2.2\spring-boot-starter-json-3.2.2.jar;C:\Users\risha\.m2\repository\com\fasterxml\jackson\core\jackson-databind\2.15.3\jackson-databind-2.15.3.jar;C:\Users\risha\.m2\repository\com\fasterxml\jackson\core\jackson-annotations\2.15.3\jackson-annotations-2.15.3.jar;C:\Users\risha\.m2\repository\com\fasterxml\jackson\core\jackson-core\2.15.3\jackson-core-2.15.3.jar;C:\Users\risha\.m2\repository\com\fasterxml\jackson\datatype\jackson-datatype-jdk8\2.15.3\jackson-datatype-jdk8-2.15.3.jar;C:\Users\risha\.m2\repository\com\fasterxml\jackson\datatype\jackson-datatype-jsr310\2.15.3\jackson-datatype-jsr310-2.15.3.jar;C:\Users\risha\.m2\repository\com\fasterxml\jackson\module\jackson-module-parameter-names\2.15.3\jackson-module-parameter-names-2.15.3.jar;C:\Users\risha\.m2\repository\org\springframework\boot\spring-boot-starter-tomcat\3.2.2\spring-boot-starter-tomcat-3.2.2.jar;C:\Users\risha\.m2\repository\org\apache\tomcat\embed\tomcat-embed-core\10.1.18\tomcat-embed-core-10.1.18.jar;C:\Users\risha\.m2\repository\org\apache\tomcat\embed\tomcat-embed-el\10.1.18\tomcat-embed-el-10.1.18.jar;C:\Users\risha\.m2\repository\org\apache\tomcat\embed\tomcat-embed-websocket\10.1.18\tomcat-embed-websocket-10.1.18.jar;C:\Users\risha\.m2\repository\org\springframework\spring-web\6.1.3\spring-web-6.1.3.jar;C:\Users\risha\.m2\repository\io\micrometer\micrometer-observation\1.12.2\micrometer-observation-1.12.2.jar;C:\Users\risha\.m2\repository\io\micrometer\micrometer-commons\1.12.2\micrometer-commons-1.12.2.jar;C:\Users\risha\.m2\repository\org\springframework\spring-webmvc\6.1.3\spring-webmvc-6.1.3.jar;C:\Users\risha\.m2\repository\org\springframework\spring-aop\6.1.3\spring-aop-6.1.3.jar;C:\Users\risha\.m2\repository\org\springframework\boot\spring-boot-starter-test\3.2.2\spring-boot-starter-test-3.2.2.jar;C:\Users\risha\.m2\repository\org\springframework\boot\spring-boot-test\3.2.2\spring-boot-test-3.2.2.jar;C:\Users\risha\.m2\repository\org\springframework\boot\spring-boot-test-autoconfigure\3.2.2\spring-boot-test-autoconfigure-3.2.2.jar;C:\Users\risha\.m2\repository\com\jayway\jsonpath\json-path\2.8.0\json-path-2.8.0.jar;C:\Users\risha\.m2\repository\jakarta\xml\bind\jakarta.xml.bind-api\4.0.1\jakarta.xml.bind-api-4.0.1.jar;C:\Users\risha\.m2\repository\jakarta\activation\jakarta.activation-api\2.1.2\jakarta.activation-api-2.1.2.jar;C:\Users\risha\.m2\repository\net\minidev\json-smart\2.5.0\json-smart-2.5.0.jar;C:\Users\risha\.m2\repository\net\minidev\accessors-smart\2.5.0\accessors-smart-2.5.0.jar;C:\Users\risha\.m2\repository\org\ow2\asm\asm\9.3\asm-9.3.jar;C:\Users\risha\.m2\repository\org\assertj\assertj-core\3.24.2\assertj-core-3.24.2.jar;C:\Users\risha\.m2\repository\org\awaitility\awaitility\4.2.0\awaitility-4.2.0.jar;C:\Users\risha\.m2\repository\org\hamcrest\hamcrest\2.2\hamcrest-2.2.jar;C:\Users\risha\.m2\repository\org\junit\jupiter\junit-jupiter\5.10.1\junit-jupiter-5.10.1.jar;C:\Users\risha\.m2\repository\org\junit\jupiter\junit-jupiter-api\5.10.1\junit-jupiter-api-5.10.1.jar;C:\Users\risha\.m2\repository\org\opentest4j\opentest4j\1.3.0\opentest4j-1.3.0.jar;C:\Users\risha\.m2\repository\org\junit\platform\junit-platform-commons\1.10.1\junit-platform-commons-1.10.1.jar;C:\Users\risha\.m2\repository\org\apiguardian\apiguardian-api\1.1.2\apiguardian-api-1.1.2.jar;C:\Users\risha\.m2\repository\org\junit\jupiter\junit-jupiter-params\5.10.1\junit-jupiter-params-5.10.1.jar;C:\Users\risha\.m2\repository\org\junit\jupiter\junit-jupiter-engine\5.10.1\junit-jupiter-engine-5.10.1.jar;C:\Users\risha\.m2\repository\org\junit\platform\junit-platform-engine\1.10.1\junit-platform-engine-1.10.1.jar;C:\Users\risha\.m2\repository\org\mockito\mockito-junit-jupiter\5.7.0\mockito-junit-jupiter-5.7.0.jar;C:\Users\risha\.m2\repository\org\skyscreamer\jsonassert\1.5.1\jsonassert-1.5.1.jar;C:\Users\risha\.m2\repository\com\vaadin\external\google\android-json\0.0.20131108.vaadin1\android-json-0.0.20131108.vaadin1.jar;C:\Users\risha\.m2\repository\org\springframework\spring-core\6.1.3\spring-core-6.1.3.jar;C:\Users\risha\.m2\repository\org\springframework\spring-jcl\6.1.3\spring-jcl-6.1.3.jar;C:\Users\risha\.m2\repository\org\springframework\spring-test\6.1.3\spring-test-6.1.3.jar;C:\Users\risha\.m2\repository\org\xmlunit\xmlunit-core\2.9.1\xmlunit-core-2.9.1.jar;C:\Users\risha\.m2\repository\org\mockito\mockito-core\5.9.0\mockito-core-5.9.0.jar;C:\Users\risha\.m2\repository\net\bytebuddy\byte-buddy\1.14.11\byte-buddy-1.14.11.jar;C:\Users\risha\.m2\repository\net\bytebuddy\byte-buddy-agent\1.14.11\byte-buddy-agent-1.14.11.jar;C:\Users\risha\.m2\repository\org\objenesis\objenesis\3.3\objenesis-3.3.jar;C:\Users\risha\.m2\repository\junit\junit\4.12\junit-4.12.jar;C:\Users\risha\.m2\repository\org\hamcrest\hamcrest-core\2.2\hamcrest-core-2.2.jar;"/>
    <property name="java.vm.vendor" value="Oracle Corporation"/>
    <property name="sun.arch.data.model" value="64"/>
    <property name="user.variant" value=""/>
    <property name="java.vendor.url" value="https://java.oracle.com/"/>
    <property name="user.timezone" value="Asia/Calcutta"/>
    <property name="os.name" value="Windows 11"/>
    <property name="java.vm.specification.version" value="17"/>
    <property name="sun.java.launcher" value="SUN_STANDARD"/>
    <property name="user.country" value="IN"/>
    <property name="sun.boot.library.path" value="C:\Program Files\Java\jdk-17\bin"/>
    <property name="sun.java.command" value="C:\Users\risha\AppData\Local\Temp\surefire12648779917951504477\surefirebooter-20240205230603024_3.jar C:\Users\risha\AppData\Local\Temp\surefire12648779917951504477 2024-02-05T23-06-02_755-jvmRun1 surefire-20240205230603024_1tmp surefire_0-20240205230603024_2tmp"/>
    <property name="jdk.debug" value="release"/>
    <property name="surefire.test.class.path" value="C:\Users\risha\Downloads\exchangeRate\exchangeRate\target\test-classes;C:\Users\risha\Downloads\exchangeRate\exchangeRate\target\classes;C:\Users\risha\.m2\repository\org\springframework\boot\spring-boot-starter-data-mongodb\3.2.2\spring-boot-starter-data-mongodb-3.2.2.jar;C:\Users\risha\.m2\repository\org\springframework\boot\spring-boot-starter\3.2.2\spring-boot-starter-3.2.2.jar;C:\Users\risha\.m2\repository\org\springframework\boot\spring-boot\3.2.2\spring-boot-3.2.2.jar;C:\Users\risha\.m2\repository\org\springframework\boot\spring-boot-autoconfigure\3.2.2\spring-boot-autoconfigure-3.2.2.jar;C:\Users\risha\.m2\repository\org\springframework\boot\spring-boot-starter-logging\3.2.2\spring-boot-starter-logging-3.2.2.jar;C:\Users\risha\.m2\repository\ch\qos\logback\logback-classic\1.4.14\logback-classic-1.4.14.jar;C:\Users\risha\.m2\repository\ch\qos\logback\logback-core\1.4.14\logback-core-1.4.14.jar;C:\Users\risha\.m2\repository\org\apache\logging\log4j\log4j-to-slf4j\2.21.1\log4j-to-slf4j-2.21.1.jar;C:\Users\risha\.m2\repository\org\apache\logging\log4j\log4j-api\2.21.1\log4j-api-2.21.1.jar;C:\Users\risha\.m2\repository\org\slf4j\jul-to-slf4j\2.0.11\jul-to-slf4j-2.0.11.jar;C:\Users\risha\.m2\repository\jakarta\annotation\jakarta.annotation-api\2.1.1\jakarta.annotation-api-2.1.1.jar;C:\Users\risha\.m2\repository\org\yaml\snakeyaml\2.2\snakeyaml-2.2.jar;C:\Users\risha\.m2\repository\org\mongodb\mongodb-driver-sync\4.11.1\mongodb-driver-sync-4.11.1.jar;C:\Users\risha\.m2\repository\org\mongodb\bson\4.11.1\bson-4.11.1.jar;C:\Users\risha\.m2\repository\org\mongodb\mongodb-driver-core\4.11.1\mongodb-driver-core-4.11.1.jar;C:\Users\risha\.m2\repository\org\mongodb\bson-record-codec\4.11.1\bson-record-codec-4.11.1.jar;C:\Users\risha\.m2\repository\org\springframework\data\spring-data-mongodb\4.2.2\spring-data-mongodb-4.2.2.jar;C:\Users\risha\.m2\repository\org\springframework\spring-tx\6.1.3\spring-tx-6.1.3.jar;C:\Users\risha\.m2\repository\org\springframework\spring-context\6.1.3\spring-context-6.1.3.jar;C:\Users\risha\.m2\repository\org\springframework\spring-beans\6.1.3\spring-beans-6.1.3.jar;C:\Users\risha\.m2\repository\org\springframework\spring-expression\6.1.3\spring-expression-6.1.3.jar;C:\Users\risha\.m2\repository\org\springframework\data\spring-data-commons\3.2.2\spring-data-commons-3.2.2.jar;C:\Users\risha\.m2\repository\org\slf4j\slf4j-api\2.0.11\slf4j-api-2.0.11.jar;C:\Users\risha\.m2\repository\org\springframework\boot\spring-boot-starter-web\3.2.2\spring-boot-starter-web-3.2.2.jar;C:\Users\risha\.m2\repository\org\springframework\boot\spring-boot-starter-json\3.2.2\spring-boot-starter-json-3.2.2.jar;C:\Users\risha\.m2\repository\com\fasterxml\jackson\core\jackson-databind\2.15.3\jackson-databind-2.15.3.jar;C:\Users\risha\.m2\repository\com\fasterxml\jackson\core\jackson-annotations\2.15.3\jackson-annotations-2.15.3.jar;C:\Users\risha\.m2\repository\com\fasterxml\jackson\core\jackson-core\2.15.3\jackson-core-2.15.3.jar;C:\Users\risha\.m2\repository\com\fasterxml\jackson\datatype\jackson-datatype-jdk8\2.15.3\jackson-datatype-jdk8-2.15.3.jar;C:\Users\risha\.m2\repository\com\fasterxml\jackson\datatype\jackson-datatype-jsr310\2.15.3\jackson-datatype-jsr310-2.15.3.jar;C:\Users\risha\.m2\repository\com\fasterxml\jackson\module\jackson-module-parameter-names\2.15.3\jackson-module-parameter-names-2.15.3.jar;C:\Users\risha\.m2\repository\org\springframework\boot\spring-boot-starter-tomcat\3.2.2\spring-boot-starter-tomcat-3.2.2.jar;C:\Users\risha\.m2\repository\org\apache\tomcat\embed\tomcat-embed-core\10.1.18\tomcat-embed-core-10.1.18.jar;C:\Users\risha\.m2\repository\org\apache\tomcat\embed\tomcat-embed-el\10.1.18\tomcat-embed-el-10.1.18.jar;C:\Users\risha\.m2\repository\org\apache\tomcat\embed\tomcat-embed-websocket\10.1.18\tomcat-embed-websocket-10.1.18.jar;C:\Users\risha\.m2\repository\org\springframework\spring-web\6.1.3\spring-web-6.1.3.jar;C:\Users\risha\.m2\repository\io\micrometer\micrometer-observation\1.12.2\micrometer-observation-1.12.2.jar;C:\Users\risha\.m2\repository\io\micrometer\micrometer-commons\1.12.2\micrometer-commons-1.12.2.jar;C:\Users\risha\.m2\repository\org\springframework\spring-webmvc\6.1.3\spring-webmvc-6.1.3.jar;C:\Users\risha\.m2\repository\org\springframework\spring-aop\6.1.3\spring-aop-6.1.3.jar;C:\Users\risha\.m2\repository\org\springframework\boot\spring-boot-starter-test\3.2.2\spring-boot-starter-test-3.2.2.jar;C:\Users\risha\.m2\repository\org\springframework\boot\spring-boot-test\3.2.2\spring-boot-test-3.2.2.jar;C:\Users\risha\.m2\repository\org\springframework\boot\spring-boot-test-autoconfigure\3.2.2\spring-boot-test-autoconfigure-3.2.2.jar;C:\Users\risha\.m2\repository\com\jayway\jsonpath\json-path\2.8.0\json-path-2.8.0.jar;C:\Users\risha\.m2\repository\jakarta\xml\bind\jakarta.xml.bind-api\4.0.1\jakarta.xml.bind-api-4.0.1.jar;C:\Users\risha\.m2\repository\jakarta\activation\jakarta.activation-api\2.1.2\jakarta.activation-api-2.1.2.jar;C:\Users\risha\.m2\repository\net\minidev\json-smart\2.5.0\json-smart-2.5.0.jar;C:\Users\risha\.m2\repository\net\minidev\accessors-smart\2.5.0\accessors-smart-2.5.0.jar;C:\Users\risha\.m2\repository\org\ow2\asm\asm\9.3\asm-9.3.jar;C:\Users\risha\.m2\repository\org\assertj\assertj-core\3.24.2\assertj-core-3.24.2.jar;C:\Users\risha\.m2\repository\org\awaitility\awaitility\4.2.0\awaitility-4.2.0.jar;C:\Users\risha\.m2\repository\org\hamcrest\hamcrest\2.2\hamcrest-2.2.jar;C:\Users\risha\.m2\repository\org\junit\jupiter\junit-jupiter\5.10.1\junit-jupiter-5.10.1.jar;C:\Users\risha\.m2\repository\org\junit\jupiter\junit-jupiter-api\5.10.1\junit-jupiter-api-5.10.1.jar;C:\Users\risha\.m2\repository\org\opentest4j\opentest4j\1.3.0\opentest4j-1.3.0.jar;C:\Users\risha\.m2\repository\org\junit\platform\junit-platform-commons\1.10.1\junit-platform-commons-1.10.1.jar;C:\Users\risha\.m2\repository\org\apiguardian\apiguardian-api\1.1.2\apiguardian-api-1.1.2.jar;C:\Users\risha\.m2\repository\org\junit\jupiter\junit-jupiter-params\5.10.1\junit-jupiter-params-5.10.1.jar;C:\Users\risha\.m2\repository\org\junit\jupiter\junit-jupiter-engine\5.10.1\junit-jupiter-engine-5.10.1.jar;C:\Users\risha\.m2\repository\org\junit\platform\junit-platform-engine\1.10.1\junit-platform-engine-1.10.1.jar;C:\Users\risha\.m2\repository\org\mockito\mockito-junit-jupiter\5.7.0\mockito-junit-jupiter-5.7.0.jar;C:\Users\risha\.m2\repository\org\skyscreamer\jsonassert\1.5.1\jsonassert-1.5.1.jar;C:\Users\risha\.m2\repository\com\vaadin\external\google\android-json\0.0.20131108.vaadin1\android-json-0.0.20131108.vaadin1.jar;C:\Users\risha\.m2\repository\org\springframework\spring-core\6.1.3\spring-core-6.1.3.jar;C:\Users\risha\.m2\repository\org\springframework\spring-jcl\6.1.3\spring-jcl-6.1.3.jar;C:\Users\risha\.m2\repository\org\springframework\spring-test\6.1.3\spring-test-6.1.3.jar;C:\Users\risha\.m2\repository\org\xmlunit\xmlunit-core\2.9.1\xmlunit-core-2.9.1.jar;C:\Users\risha\.m2\repository\org\mockito\mockito-core\5.9.0\mockito-core-5.9.0.jar;C:\Users\risha\.m2\repository\net\bytebuddy\byte-buddy\1.14.11\byte-buddy-1.14.11.jar;C:\Users\risha\.m2\repository\net\bytebuddy\byte-buddy-agent\1.14.11\byte-buddy-agent-1.14.11.jar;C:\Users\risha\.m2\repository\org\objenesis\objenesis\3.3\objenesis-3.3.jar;C:\Users\risha\.m2\repository\junit\junit\4.12\junit-4.12.jar;C:\Users\risha\.m2\repository\org\hamcrest\hamcrest-core\2.2\hamcrest-core-2.2.jar;"/>
    <property name="sun.cpu.endian" value="little"/>
    <property name="user.home" value="C:\Users\risha"/>
    <property name="user.language" value="en"/>
    <property name="java.specification.vendor" value="Oracle Corporation"/>
    <property name="java.version.date" value="2023-10-17"/>
    <property name="java.home" value="C:\Program Files\Java\jdk-17"/>
    <property name="file.separator" value="\"/>
    <property name="basedir" value="C:\Users\risha\Downloads\exchangeRate\exchangeRate"/>
    <property name="java.vm.compressedOopsMode" value="32-bit"/>
    <property name="line.separator" value="&#10;"/>
    <property name="java.vm.specification.vendor" value="Oracle Corporation"/>
    <property name="java.specification.name" value="Java Platform API Specification"/>
    <property name="FILE_LOG_CHARSET" value="windows-1252"/>
    <property name="java.awt.headless" value="true"/>
    <property name="surefire.real.class.path" value="C:\Users\risha\AppData\Local\Temp\surefire12648779917951504477\surefirebooter-20240205230603024_3.jar"/>
    <property name="user.script" value=""/>
    <property name="sun.management.compiler" value="HotSpot 64-Bit Tiered Compilers"/>
    <property name="java.runtime.version" value="17.0.9+11-LTS-201"/>
    <property name="user.name" value="risha"/>
    <property name="path.separator" value=";"/>
    <property name="os.version" value="10.0"/>
    <property name="java.runtime.name" value="Java(TM) SE Runtime Environment"/>
    <property name="file.encoding" value="Cp1252"/>
    <property name="java.vm.name" value="Java HotSpot(TM) 64-Bit Server VM"/>
    <property name="localRepository" value="C:\Users\risha\.m2\repository"/>
    <property name="java.vendor.url.bug" value="https://bugreport.java.com/bugreport/"/>
    <property name="java.io.tmpdir" value="C:\Users\risha\AppData\Local\Temp\"/>
    <property name="java.version" value="17.0.9"/>
    <property name="user.dir" value="C:\Users\risha\Downloads\exchangeRate\exchangeRate"/>
    <property name="os.arch" value="amd64"/>
    <property name="java.vm.specification.name" value="Java Virtual Machine Specification"/>
    <property name="PID" value="5148"/>
    <property name="sun.os.patch.level" value=""/>
    <property name="CONSOLE_LOG_CHARSET" value="windows-1252"/>
    <property name="native.encoding" value="Cp1252"/>
    <property name="java.library.path" value="C:\Program Files\Java\jdk-17\bin;C:\WINDOWS\Sun\Java\bin;C:\WINDOWS\system32;C:\WINDOWS;C:\Program Files\Common Files\Oracle\Java\javapath;C:\WINDOWS\system32;C:\WINDOWS;C:\WINDOWS\System32\Wbem;C:\WINDOWS\System32\WindowsPowerShell\v1.0\;C:\WINDOWS\System32\OpenSSH\;C:\Program Files\Git\cmd;C:\Program Files\nodejs\;C:\Program Files\Docker\Docker\resources\bin;C:\Program Files\Java\jdk-17\bin;C:\Program Files\MongoDB\mongosh-2.1.3-win32-x64\bin;C:\Users\risha\AppData\Local\Programs\Python\Launcher\;C:\Program Files\MySQL\MySQL Shell 8.0\bin\;C:\Users\risha\AppData\Local\Microsoft\WindowsApps;C:\Users\risha\AppData\Local\Programs\Microsoft VS Code\bin;C:\Program Files\nodejs;C:\Program Files\JetBrains\IntelliJ IDEA Community Edition 2022.1\bin;;C:\Users\risha\AppData\Roaming\npm;;."/>
    <property name="java.vm.info" value="mixed mode, sharing"/>
    <property name="java.vendor" value="Oracle Corporation"/>
    <property name="java.vm.version" value="17.0.9+11-LTS-201"/>
    <property name="sun.io.unicode.encoding" value="UnicodeLittle"/>
    <property name="java.class.version" value="61.0"/>
  </properties>
  <testcase name="fetchRateData_Error" classname="com.rishabh.exchangeRate.services.SchedulerServiceTest" time="0.213">
    <system-out><![CDATA[2024-02-05T23:06:10.073+05:30  INFO 5148 --- [           main] t.c.s.AnnotationConfigContextLoaderUtils : Could not detect default configuration classes for test class [com.rishabh.exchangeRate.services.SchedulerServiceTest]: SchedulerServiceTest does not declare any static, non-private, non-final, nested classes annotated with @Configuration.
2024-02-05T23:06:10.079+05:30  INFO 5148 --- [           main] .b.t.c.SpringBootTestContextBootstrapper : Found @SpringBootConfiguration com.rishabh.exchangeRate.ExchangeRateApplication for test class com.rishabh.exchangeRate.services.SchedulerServiceTest
2024-02-05T23:06:10.391+05:30  WARN 5148 --- [           main] c.r.e.services.SchedulerService          : error
2024-02-05T23:06:10.392+05:30  WARN 5148 --- [           main] c.r.e.services.SchedulerService          : error
2024-02-05T23:06:10.392+05:30  WARN 5148 --- [           main] c.r.e.services.SchedulerService          : error
2024-02-05T23:06:10.393+05:30  WARN 5148 --- [           main] c.r.e.services.SchedulerService          : error
2024-02-05T23:06:10.393+05:30  WARN 5148 --- [           main] c.r.e.services.SchedulerService          : error
2024-02-05T23:06:10.394+05:30  WARN 5148 --- [           main] c.r.e.services.SchedulerService          : error
2024-02-05T23:06:10.394+05:30  WARN 5148 --- [           main] c.r.e.services.SchedulerService          : error
2024-02-05T23:06:10.395+05:30  WARN 5148 --- [           main] c.r.e.services.SchedulerService          : error
2024-02-05T23:06:10.395+05:30  WARN 5148 --- [           main] c.r.e.services.SchedulerService          : error
2024-02-05T23:06:10.395+05:30  WARN 5148 --- [           main] c.r.e.services.SchedulerService          : error
2024-02-05T23:06:10.396+05:30  WARN 5148 --- [           main] c.r.e.services.SchedulerService          : error
2024-02-05T23:06:10.396+05:30  WARN 5148 --- [           main] c.r.e.services.SchedulerService          : error
2024-02-05T23:06:10.397+05:30  WARN 5148 --- [           main] c.r.e.services.SchedulerService          : error
2024-02-05T23:06:10.397+05:30  WARN 5148 --- [           main] c.r.e.services.SchedulerService          : error
2024-02-05T23:06:10.398+05:30  WARN 5148 --- [           main] c.r.e.services.SchedulerService          : error
2024-02-05T23:06:10.398+05:30  WARN 5148 --- [           main] c.r.e.services.SchedulerService          : error
2024-02-05T23:06:10.399+05:30  WARN 5148 --- [           main] c.r.e.services.SchedulerService          : error
2024-02-05T23:06:10.399+05:30  WARN 5148 --- [           main] c.r.e.services.SchedulerService          : error
2024-02-05T23:06:10.399+05:30  WARN 5148 --- [           main] c.r.e.services.SchedulerService          : error
2024-02-05T23:06:10.400+05:30  WARN 5148 --- [           main] c.r.e.services.SchedulerService          : error
2024-02-05T23:06:10.400+05:30  WARN 5148 --- [           main] c.r.e.services.SchedulerService          : error
2024-02-05T23:06:10.401+05:30  WARN 5148 --- [           main] c.r.e.services.SchedulerService          : error
2024-02-05T23:06:10.401+05:30  WARN 5148 --- [           main] c.r.e.services.SchedulerService          : error
2024-02-05T23:06:10.402+05:30  WARN 5148 --- [           main] c.r.e.services.SchedulerService          : error
2024-02-05T23:06:10.403+05:30  WARN 5148 --- [           main] c.r.e.services.SchedulerService          : error
2024-02-05T23:06:10.404+05:30  WARN 5148 --- [           main] c.r.e.services.SchedulerService          : error
2024-02-05T23:06:10.404+05:30  WARN 5148 --- [           main] c.r.e.services.SchedulerService          : error
2024-02-05T23:06:10.404+05:30  WARN 5148 --- [           main] c.r.e.services.SchedulerService          : error
2024-02-05T23:06:10.405+05:30  WARN 5148 --- [           main] c.r.e.services.SchedulerService          : error
2024-02-05T23:06:10.405+05:30  WARN 5148 --- [           main] c.r.e.services.SchedulerService          : error
2024-02-05T23:06:10.406+05:30  WARN 5148 --- [           main] c.r.e.services.SchedulerService          : error
2024-02-05T23:06:10.406+05:30  WARN 5148 --- [           main] c.r.e.services.SchedulerService          : error
2024-02-05T23:06:10.407+05:30  WARN 5148 --- [           main] c.r.e.services.SchedulerService          : error
2024-02-05T23:06:10.407+05:30  WARN 5148 --- [           main] c.r.e.services.SchedulerService          : error
2024-02-05T23:06:10.408+05:30  WARN 5148 --- [           main] c.r.e.services.SchedulerService          : error
2024-02-05T23:06:10.408+05:30  WARN 5148 --- [           main] c.r.e.services.SchedulerService          : error
2024-02-05T23:06:10.409+05:30  WARN 5148 --- [           main] c.r.e.services.SchedulerService          : error
2024-02-05T23:06:10.409+05:30  WARN 5148 --- [           main] c.r.e.services.SchedulerService          : error
2024-02-05T23:06:10.410+05:30  WARN 5148 --- [           main] c.r.e.services.SchedulerService          : error
2024-02-05T23:06:10.410+05:30  WARN 5148 --- [           main] c.r.e.services.SchedulerService          : error
2024-02-05T23:06:10.410+05:30  WARN 5148 --- [           main] c.r.e.services.SchedulerService          : error
2024-02-05T23:06:10.411+05:30  WARN 5148 --- [           main] c.r.e.services.SchedulerService          : error
2024-02-05T23:06:10.411+05:30  WARN 5148 --- [           main] c.r.e.services.SchedulerService          : error
2024-02-05T23:06:10.412+05:30  WARN 5148 --- [           main] c.r.e.services.SchedulerService          : error
2024-02-05T23:06:10.412+05:30  WARN 5148 --- [           main] c.r.e.services.SchedulerService          : error
2024-02-05T23:06:10.412+05:30  WARN 5148 --- [           main] c.r.e.services.SchedulerService          : error
2024-02-05T23:06:10.413+05:30  WARN 5148 --- [           main] c.r.e.services.SchedulerService          : error
2024-02-05T23:06:10.413+05:30  WARN 5148 --- [           main] c.r.e.services.SchedulerService          : error
2024-02-05T23:06:10.414+05:30  WARN 5148 --- [           main] c.r.e.services.SchedulerService          : error
2024-02-05T23:06:10.414+05:30  WARN 5148 --- [           main] c.r.e.services.SchedulerService          : error
2024-02-05T23:06:10.414+05:30  WARN 5148 --- [           main] c.r.e.services.SchedulerService          : error
2024-02-05T23:06:10.415+05:30  WARN 5148 --- [           main] c.r.e.services.SchedulerService          : error
2024-02-05T23:06:10.415+05:30  WARN 5148 --- [           main] c.r.e.services.SchedulerService          : error
2024-02-05T23:06:10.415+05:30  WARN 5148 --- [           main] c.r.e.services.SchedulerService          : error
2024-02-05T23:06:10.416+05:30  WARN 5148 --- [           main] c.r.e.services.SchedulerService          : error
2024-02-05T23:06:10.416+05:30  WARN 5148 --- [           main] c.r.e.services.SchedulerService          : error
2024-02-05T23:06:10.417+05:30  WARN 5148 --- [           main] c.r.e.services.SchedulerService          : error
2024-02-05T23:06:10.417+05:30  WARN 5148 --- [           main] c.r.e.services.SchedulerService          : error
2024-02-05T23:06:10.418+05:30  WARN 5148 --- [           main] c.r.e.services.SchedulerService          : error
2024-02-05T23:06:10.418+05:30  WARN 5148 --- [           main] c.r.e.services.SchedulerService          : error
2024-02-05T23:06:10.418+05:30  WARN 5148 --- [           main] c.r.e.services.SchedulerService          : error
2024-02-05T23:06:10.419+05:30  WARN 5148 --- [           main] c.r.e.services.SchedulerService          : error
2024-02-05T23:06:10.419+05:30  WARN 5148 --- [           main] c.r.e.services.SchedulerService          : error
2024-02-05T23:06:10.420+05:30  WARN 5148 --- [           main] c.r.e.services.SchedulerService          : error
2024-02-05T23:06:10.420+05:30  WARN 5148 --- [           main] c.r.e.services.SchedulerService          : error
2024-02-05T23:06:10.420+05:30  WARN 5148 --- [           main] c.r.e.services.SchedulerService          : error
2024-02-05T23:06:10.421+05:30  WARN 5148 --- [           main] c.r.e.services.SchedulerService          : error
2024-02-05T23:06:10.421+05:30  WARN 5148 --- [           main] c.r.e.services.SchedulerService          : error
2024-02-05T23:06:10.421+05:30  WARN 5148 --- [           main] c.r.e.services.SchedulerService          : error
2024-02-05T23:06:10.422+05:30  WARN 5148 --- [           main] c.r.e.services.SchedulerService          : error
2024-02-05T23:06:10.422+05:30  WARN 5148 --- [           main] c.r.e.services.SchedulerService          : error
2024-02-05T23:06:10.423+05:30  WARN 5148 --- [           main] c.r.e.services.SchedulerService          : error
2024-02-05T23:06:10.423+05:30  WARN 5148 --- [           main] c.r.e.services.SchedulerService          : error
2024-02-05T23:06:10.423+05:30  WARN 5148 --- [           main] c.r.e.services.SchedulerService          : error
2024-02-05T23:06:10.424+05:30  WARN 5148 --- [           main] c.r.e.services.SchedulerService          : error
2024-02-05T23:06:10.424+05:30  WARN 5148 --- [           main] c.r.e.services.SchedulerService          : error
2024-02-05T23:06:10.424+05:30  WARN 5148 --- [           main] c.r.e.services.SchedulerService          : error
2024-02-05T23:06:10.424+05:30  WARN 5148 --- [           main] c.r.e.services.SchedulerService          : error
2024-02-05T23:06:10.425+05:30  WARN 5148 --- [           main] c.r.e.services.SchedulerService          : error
2024-02-05T23:06:10.425+05:30  WARN 5148 --- [           main] c.r.e.services.SchedulerService          : error
2024-02-05T23:06:10.425+05:30  WARN 5148 --- [           main] c.r.e.services.SchedulerService          : error
2024-02-05T23:06:10.426+05:30  WARN 5148 --- [           main] c.r.e.services.SchedulerService          : error
2024-02-05T23:06:10.426+05:30  WARN 5148 --- [           main] c.r.e.services.SchedulerService          : error
2024-02-05T23:06:10.427+05:30  WARN 5148 --- [           main] c.r.e.services.SchedulerService          : error
2024-02-05T23:06:10.427+05:30  WARN 5148 --- [           main] c.r.e.services.SchedulerService          : error
2024-02-05T23:06:10.428+05:30  WARN 5148 --- [           main] c.r.e.services.SchedulerService          : error
2024-02-05T23:06:10.428+05:30  WARN 5148 --- [           main] c.r.e.services.SchedulerService          : error
2024-02-05T23:06:10.428+05:30  WARN 5148 --- [           main] c.r.e.services.SchedulerService          : error
2024-02-05T23:06:10.429+05:30  WARN 5148 --- [           main] c.r.e.services.SchedulerService          : error
2024-02-05T23:06:10.429+05:30  WARN 5148 --- [           main] c.r.e.services.SchedulerService          : error
2024-02-05T23:06:10.429+05:30  WARN 5148 --- [           main] c.r.e.services.SchedulerService          : error
2024-02-05T23:06:10.430+05:30  WARN 5148 --- [           main] c.r.e.services.SchedulerService          : error
2024-02-05T23:06:10.430+05:30  WARN 5148 --- [           main] c.r.e.services.SchedulerService          : error
2024-02-05T23:06:10.431+05:30  WARN 5148 --- [           main] c.r.e.services.SchedulerService          : error
2024-02-05T23:06:10.431+05:30  WARN 5148 --- [           main] c.r.e.services.SchedulerService          : error
2024-02-05T23:06:10.431+05:30  WARN 5148 --- [           main] c.r.e.services.SchedulerService          : error
2024-02-05T23:06:10.432+05:30  WARN 5148 --- [           main] c.r.e.services.SchedulerService          : error
2024-02-05T23:06:10.432+05:30  WARN 5148 --- [           main] c.r.e.services.SchedulerService          : error
2024-02-05T23:06:10.433+05:30  WARN 5148 --- [           main] c.r.e.services.SchedulerService          : error
2024-02-05T23:06:10.433+05:30  WARN 5148 --- [           main] c.r.e.services.SchedulerService          : error
2024-02-05T23:06:10.433+05:30  WARN 5148 --- [           main] c.r.e.services.SchedulerService          : error
2024-02-05T23:06:10.434+05:30  WARN 5148 --- [           main] c.r.e.services.SchedulerService          : error
2024-02-05T23:06:10.434+05:30  WARN 5148 --- [           main] c.r.e.services.SchedulerService          : error
2024-02-05T23:06:10.434+05:30  WARN 5148 --- [           main] c.r.e.services.SchedulerService          : error
2024-02-05T23:06:10.435+05:30  WARN 5148 --- [           main] c.r.e.services.SchedulerService          : error
2024-02-05T23:06:10.435+05:30  WARN 5148 --- [           main] c.r.e.services.SchedulerService          : error
2024-02-05T23:06:10.435+05:30  WARN 5148 --- [           main] c.r.e.services.SchedulerService          : error
2024-02-05T23:06:10.436+05:30  WARN 5148 --- [           main] c.r.e.services.SchedulerService          : error
2024-02-05T23:06:10.436+05:30  WARN 5148 --- [           main] c.r.e.services.SchedulerService          : error
2024-02-05T23:06:10.436+05:30  WARN 5148 --- [           main] c.r.e.services.SchedulerService          : error
2024-02-05T23:06:10.437+05:30  WARN 5148 --- [           main] c.r.e.services.SchedulerService          : error
2024-02-05T23:06:10.437+05:30  WARN 5148 --- [           main] c.r.e.services.SchedulerService          : error
2024-02-05T23:06:10.437+05:30  WARN 5148 --- [           main] c.r.e.services.SchedulerService          : error
2024-02-05T23:06:10.438+05:30  WARN 5148 --- [           main] c.r.e.services.SchedulerService          : error
2024-02-05T23:06:10.438+05:30  WARN 5148 --- [           main] c.r.e.services.SchedulerService          : error
2024-02-05T23:06:10.438+05:30  WARN 5148 --- [           main] c.r.e.services.SchedulerService          : error
2024-02-05T23:06:10.439+05:30  WARN 5148 --- [           main] c.r.e.services.SchedulerService          : error
2024-02-05T23:06:10.439+05:30  WARN 5148 --- [           main] c.r.e.services.SchedulerService          : error
2024-02-05T23:06:10.440+05:30  WARN 5148 --- [           main] c.r.e.services.SchedulerService          : error
2024-02-05T23:06:10.440+05:30  WARN 5148 --- [           main] c.r.e.services.SchedulerService          : error
2024-02-05T23:06:10.440+05:30  WARN 5148 --- [           main] c.r.e.services.SchedulerService          : error
2024-02-05T23:06:10.441+05:30  WARN 5148 --- [           main] c.r.e.services.SchedulerService          : error
2024-02-05T23:06:10.441+05:30  WARN 5148 --- [           main] c.r.e.services.SchedulerService          : error
2024-02-05T23:06:10.442+05:30  WARN 5148 --- [           main] c.r.e.services.SchedulerService          : error
2024-02-05T23:06:10.442+05:30  WARN 5148 --- [           main] c.r.e.services.SchedulerService          : error
2024-02-05T23:06:10.442+05:30  WARN 5148 --- [           main] c.r.e.services.SchedulerService          : error
2024-02-05T23:06:10.443+05:30  WARN 5148 --- [           main] c.r.e.services.SchedulerService          : error
2024-02-05T23:06:10.443+05:30  WARN 5148 --- [           main] c.r.e.services.SchedulerService          : error
2024-02-05T23:06:10.443+05:30  WARN 5148 --- [           main] c.r.e.services.SchedulerService          : error
2024-02-05T23:06:10.444+05:30  WARN 5148 --- [           main] c.r.e.services.SchedulerService          : error
2024-02-05T23:06:10.444+05:30  WARN 5148 --- [           main] c.r.e.services.SchedulerService          : error
2024-02-05T23:06:10.444+05:30  WARN 5148 --- [           main] c.r.e.services.SchedulerService          : error
2024-02-05T23:06:10.445+05:30  WARN 5148 --- [           main] c.r.e.services.SchedulerService          : error
2024-02-05T23:06:10.445+05:30  WARN 5148 --- [           main] c.r.e.services.SchedulerService          : error
2024-02-05T23:06:10.445+05:30  WARN 5148 --- [           main] c.r.e.services.SchedulerService          : error
2024-02-05T23:06:10.445+05:30  WARN 5148 --- [           main] c.r.e.services.SchedulerService          : error
2024-02-05T23:06:10.446+05:30  WARN 5148 --- [           main] c.r.e.services.SchedulerService          : error
2024-02-05T23:06:10.446+05:30  WARN 5148 --- [           main] c.r.e.services.SchedulerService          : error
2024-02-05T23:06:10.446+05:30  WARN 5148 --- [           main] c.r.e.services.SchedulerService          : error
2024-02-05T23:06:10.447+05:30  WARN 5148 --- [           main] c.r.e.services.SchedulerService          : error
2024-02-05T23:06:10.447+05:30  WARN 5148 --- [           main] c.r.e.services.SchedulerService          : error
2024-02-05T23:06:10.447+05:30  WARN 5148 --- [           main] c.r.e.services.SchedulerService          : error
2024-02-05T23:06:10.448+05:30  WARN 5148 --- [           main] c.r.e.services.SchedulerService          : error
2024-02-05T23:06:10.448+05:30  WARN 5148 --- [           main] c.r.e.services.SchedulerService          : error
2024-02-05T23:06:10.449+05:30  WARN 5148 --- [           main] c.r.e.services.SchedulerService          : error
2024-02-05T23:06:10.450+05:30  WARN 5148 --- [           main] c.r.e.services.SchedulerService          : error
2024-02-05T23:06:10.450+05:30  WARN 5148 --- [           main] c.r.e.services.SchedulerService          : error
2024-02-05T23:06:10.451+05:30  WARN 5148 --- [           main] c.r.e.services.SchedulerService          : error
2024-02-05T23:06:10.451+05:30  WARN 5148 --- [           main] c.r.e.services.SchedulerService          : error
2024-02-05T23:06:10.452+05:30  WARN 5148 --- [           main] c.r.e.services.SchedulerService          : error
2024-02-05T23:06:10.453+05:30  WARN 5148 --- [           main] c.r.e.services.SchedulerService          : error
2024-02-05T23:06:10.454+05:30  WARN 5148 --- [           main] c.r.e.services.SchedulerService          : error
2024-02-05T23:06:10.454+05:30  WARN 5148 --- [           main] c.r.e.services.SchedulerService          : error
2024-02-05T23:06:10.455+05:30  WARN 5148 --- [           main] c.r.e.services.SchedulerService          : error
2024-02-05T23:06:10.456+05:30  WARN 5148 --- [           main] c.r.e.services.SchedulerService          : error
2024-02-05T23:06:10.456+05:30  WARN 5148 --- [           main] c.r.e.services.SchedulerService          : error
2024-02-05T23:06:10.456+05:30  WARN 5148 --- [           main] c.r.e.services.SchedulerService          : error
2024-02-05T23:06:10.457+05:30  WARN 5148 --- [           main] c.r.e.services.SchedulerService          : error
2024-02-05T23:06:10.458+05:30  WARN 5148 --- [           main] c.r.e.services.SchedulerService          : error
2024-02-05T23:06:10.458+05:30  WARN 5148 --- [           main] c.r.e.services.SchedulerService          : error
2024-02-05T23:06:10.459+05:30  WARN 5148 --- [           main] c.r.e.services.SchedulerService          : error
2024-02-05T23:06:10.460+05:30  WARN 5148 --- [           main] c.r.e.services.SchedulerService          : error
2024-02-05T23:06:10.460+05:30  WARN 5148 --- [           main] c.r.e.services.SchedulerService          : error
2024-02-05T23:06:10.461+05:30  WARN 5148 --- [           main] c.r.e.services.SchedulerService          : error
2024-02-05T23:06:10.461+05:30  WARN 5148 --- [           main] c.r.e.services.SchedulerService          : error
2024-02-05T23:06:10.462+05:30  WARN 5148 --- [           main] c.r.e.services.SchedulerService          : error
2024-02-05T23:06:10.462+05:30  WARN 5148 --- [           main] c.r.e.services.SchedulerService          : error
2024-02-05T23:06:10.463+05:30  WARN 5148 --- [           main] c.r.e.services.SchedulerService          : error
2024-02-05T23:06:10.463+05:30  WARN 5148 --- [           main] c.r.e.services.SchedulerService          : error
2024-02-05T23:06:10.463+05:30  WARN 5148 --- [           main] c.r.e.services.SchedulerService          : error
2024-02-05T23:06:10.464+05:30  WARN 5148 --- [           main] c.r.e.services.SchedulerService          : error
2024-02-05T23:06:10.464+05:30  WARN 5148 --- [           main] c.r.e.services.SchedulerService          : error
2024-02-05T23:06:10.465+05:30  WARN 5148 --- [           main] c.r.e.services.SchedulerService          : error
2024-02-05T23:06:10.466+05:30  WARN 5148 --- [           main] c.r.e.services.SchedulerService          : error
2024-02-05T23:06:10.467+05:30  WARN 5148 --- [           main] c.r.e.services.SchedulerService          : error
2024-02-05T23:06:10.468+05:30  WARN 5148 --- [           main] c.r.e.services.SchedulerService          : error
2024-02-05T23:06:10.470+05:30  WARN 5148 --- [           main] c.r.e.services.SchedulerService          : error
2024-02-05T23:06:10.471+05:30  WARN 5148 --- [           main] c.r.e.services.SchedulerService          : error
2024-02-05T23:06:10.471+05:30  WARN 5148 --- [           main] c.r.e.services.SchedulerService          : error
2024-02-05T23:06:10.472+05:30  WARN 5148 --- [           main] c.r.e.services.SchedulerService          : error
2024-02-05T23:06:10.472+05:30  WARN 5148 --- [           main] c.r.e.services.SchedulerService          : error
2024-02-05T23:06:10.472+05:30  WARN 5148 --- [           main] c.r.e.services.SchedulerService          : error
2024-02-05T23:06:10.473+05:30  WARN 5148 --- [           main] c.r.e.services.SchedulerService          : error
2024-02-05T23:06:10.473+05:30  WARN 5148 --- [           main] c.r.e.services.SchedulerService          : error
2024-02-05T23:06:10.474+05:30  WARN 5148 --- [           main] c.r.e.services.SchedulerService          : error
2024-02-05T23:06:10.475+05:30  WARN 5148 --- [           main] c.r.e.services.SchedulerService          : error
2024-02-05T23:06:10.475+05:30  WARN 5148 --- [           main] c.r.e.services.SchedulerService          : error
2024-02-05T23:06:10.476+05:30  WARN 5148 --- [           main] c.r.e.services.SchedulerService          : error
2024-02-05T23:06:10.476+05:30  WARN 5148 --- [           main] c.r.e.services.SchedulerService          : error
2024-02-05T23:06:10.476+05:30  WARN 5148 --- [           main] c.r.e.services.SchedulerService          : error
2024-02-05T23:06:10.477+05:30  WARN 5148 --- [           main] c.r.e.services.SchedulerService          : error
2024-02-05T23:06:10.477+05:30  WARN 5148 --- [           main] c.r.e.services.SchedulerService          : error
2024-02-05T23:06:10.477+05:30  WARN 5148 --- [           main] c.r.e.services.SchedulerService          : error
2024-02-05T23:06:10.478+05:30  WARN 5148 --- [           main] c.r.e.services.SchedulerService          : error
2024-02-05T23:06:10.478+05:30  WARN 5148 --- [           main] c.r.e.services.SchedulerService          : error
2024-02-05T23:06:10.478+05:30  WARN 5148 --- [           main] c.r.e.services.SchedulerService          : error
2024-02-05T23:06:10.478+05:30  WARN 5148 --- [           main] c.r.e.services.SchedulerService          : error
2024-02-05T23:06:10.479+05:30  WARN 5148 --- [           main] c.r.e.services.SchedulerService          : error
2024-02-05T23:06:10.479+05:30  WARN 5148 --- [           main] c.r.e.services.SchedulerService          : error
2024-02-05T23:06:10.479+05:30  WARN 5148 --- [           main] c.r.e.services.SchedulerService          : error
2024-02-05T23:06:10.480+05:30  WARN 5148 --- [           main] c.r.e.services.SchedulerService          : error
2024-02-05T23:06:10.480+05:30  WARN 5148 --- [           main] c.r.e.services.SchedulerService          : error
2024-02-05T23:06:10.480+05:30  WARN 5148 --- [           main] c.r.e.services.SchedulerService          : error
2024-02-05T23:06:10.481+05:30  WARN 5148 --- [           main] c.r.e.services.SchedulerService          : error
2024-02-05T23:06:10.481+05:30  WARN 5148 --- [           main] c.r.e.services.SchedulerService          : error
2024-02-05T23:06:10.481+05:30  WARN 5148 --- [           main] c.r.e.services.SchedulerService          : error
2024-02-05T23:06:10.481+05:30  WARN 5148 --- [           main] c.r.e.services.SchedulerService          : error
2024-02-05T23:06:10.482+05:30  WARN 5148 --- [           main] c.r.e.services.SchedulerService          : error
2024-02-05T23:06:10.482+05:30  WARN 5148 --- [           main] c.r.e.services.SchedulerService          : error
2024-02-05T23:06:10.482+05:30  WARN 5148 --- [           main] c.r.e.services.SchedulerService          : error
2024-02-05T23:06:10.482+05:30  WARN 5148 --- [           main] c.r.e.services.SchedulerService          : error
2024-02-05T23:06:10.483+05:30  WARN 5148 --- [           main] c.r.e.services.SchedulerService          : error
2024-02-05T23:06:10.483+05:30  WARN 5148 --- [           main] c.r.e.services.SchedulerService          : error
2024-02-05T23:06:10.483+05:30  WARN 5148 --- [           main] c.r.e.services.SchedulerService          : error
2024-02-05T23:06:10.483+05:30  WARN 5148 --- [           main] c.r.e.services.SchedulerService          : error
2024-02-05T23:06:10.484+05:30  WARN 5148 --- [           main] c.r.e.services.SchedulerService          : error
2024-02-05T23:06:10.484+05:30  WARN 5148 --- [           main] c.r.e.services.SchedulerService          : error
2024-02-05T23:06:10.485+05:30  WARN 5148 --- [           main] c.r.e.services.SchedulerService          : error
2024-02-05T23:06:10.485+05:30  WARN 5148 --- [           main] c.r.e.services.SchedulerService          : error
2024-02-05T23:06:10.485+05:30  WARN 5148 --- [           main] c.r.e.services.SchedulerService          : error
2024-02-05T23:06:10.486+05:30  WARN 5148 --- [           main] c.r.e.services.SchedulerService          : error
2024-02-05T23:06:10.486+05:30  WARN 5148 --- [           main] c.r.e.services.SchedulerService          : error
2024-02-05T23:06:10.487+05:30  WARN 5148 --- [           main] c.r.e.services.SchedulerService          : error
2024-02-05T23:06:10.487+05:30  WARN 5148 --- [           main] c.r.e.services.SchedulerService          : error
2024-02-05T23:06:10.487+05:30  WARN 5148 --- [           main] c.r.e.services.SchedulerService          : error
2024-02-05T23:06:10.487+05:30  WARN 5148 --- [           main] c.r.e.services.SchedulerService          : error
2024-02-05T23:06:10.488+05:30  WARN 5148 --- [           main] c.r.e.services.SchedulerService          : error
2024-02-05T23:06:10.488+05:30  WARN 5148 --- [           main] c.r.e.services.SchedulerService          : error
2024-02-05T23:06:10.488+05:30  WARN 5148 --- [           main] c.r.e.services.SchedulerService          : error
2024-02-05T23:06:10.488+05:30  WARN 5148 --- [           main] c.r.e.services.SchedulerService          : error
2024-02-05T23:06:10.489+05:30  WARN 5148 --- [           main] c.r.e.services.SchedulerService          : error
2024-02-05T23:06:10.489+05:30  WARN 5148 --- [           main] c.r.e.services.SchedulerService          : error
2024-02-05T23:06:10.489+05:30  WARN 5148 --- [           main] c.r.e.services.SchedulerService          : error
2024-02-05T23:06:10.489+05:30  WARN 5148 --- [           main] c.r.e.services.SchedulerService          : error
2024-02-05T23:06:10.490+05:30  WARN 5148 --- [           main] c.r.e.services.SchedulerService          : error
2024-02-05T23:06:10.490+05:30  WARN 5148 --- [           main] c.r.e.services.SchedulerService          : error
2024-02-05T23:06:10.490+05:30  WARN 5148 --- [           main] c.r.e.services.SchedulerService          : error
2024-02-05T23:06:10.491+05:30  WARN 5148 --- [           main] c.r.e.services.SchedulerService          : error
2024-02-05T23:06:10.491+05:30  WARN 5148 --- [           main] c.r.e.services.SchedulerService          : error
2024-02-05T23:06:10.492+05:30  WARN 5148 --- [           main] c.r.e.services.SchedulerService          : error
2024-02-05T23:06:10.492+05:30  WARN 5148 --- [           main] c.r.e.services.SchedulerService          : error
2024-02-05T23:06:10.493+05:30  WARN 5148 --- [           main] c.r.e.services.SchedulerService          : error
2024-02-05T23:06:10.493+05:30  WARN 5148 --- [           main] c.r.e.services.SchedulerService          : error
2024-02-05T23:06:10.494+05:30  WARN 5148 --- [           main] c.r.e.services.SchedulerService          : error
2024-02-05T23:06:10.494+05:30  WARN 5148 --- [           main] c.r.e.services.SchedulerService          : error
2024-02-05T23:06:10.495+05:30  WARN 5148 --- [           main] c.r.e.services.SchedulerService          : error
2024-02-05T23:06:10.495+05:30  WARN 5148 --- [           main] c.r.e.services.SchedulerService          : error
2024-02-05T23:06:10.496+05:30  WARN 5148 --- [           main] c.r.e.services.SchedulerService          : error
2024-02-05T23:06:10.496+05:30  WARN 5148 --- [           main] c.r.e.services.SchedulerService          : error
2024-02-05T23:06:10.497+05:30  WARN 5148 --- [           main] c.r.e.services.SchedulerService          : error
2024-02-05T23:06:10.497+05:30  WARN 5148 --- [           main] c.r.e.services.SchedulerService          : error
2024-02-05T23:06:10.498+05:30  WARN 5148 --- [           main] c.r.e.services.SchedulerService          : error
2024-02-05T23:06:10.500+05:30  WARN 5148 --- [           main] c.r.e.services.SchedulerService          : error
2024-02-05T23:06:10.500+05:30  WARN 5148 --- [           main] c.r.e.services.SchedulerService          : error
2024-02-05T23:06:10.501+05:30  WARN 5148 --- [           main] c.r.e.services.SchedulerService          : error
2024-02-05T23:06:10.501+05:30  WARN 5148 --- [           main] c.r.e.services.SchedulerService          : error
2024-02-05T23:06:10.502+05:30  WARN 5148 --- [           main] c.r.e.services.SchedulerService          : error
2024-02-05T23:06:10.503+05:30  WARN 5148 --- [           main] c.r.e.services.SchedulerService          : error
2024-02-05T23:06:10.503+05:30  WARN 5148 --- [           main] c.r.e.services.SchedulerService          : error
2024-02-05T23:06:10.504+05:30  WARN 5148 --- [           main] c.r.e.services.SchedulerService          : error
2024-02-05T23:06:10.504+05:30  WARN 5148 --- [           main] c.r.e.services.SchedulerService          : error
2024-02-05T23:06:10.505+05:30  WARN 5148 --- [           main] c.r.e.services.SchedulerService          : error
2024-02-05T23:06:10.505+05:30  WARN 5148 --- [           main] c.r.e.services.SchedulerService          : error
2024-02-05T23:06:10.506+05:30  WARN 5148 --- [           main] c.r.e.services.SchedulerService          : error
2024-02-05T23:06:10.506+05:30  WARN 5148 --- [           main] c.r.e.services.SchedulerService          : error
2024-02-05T23:06:10.506+05:30  WARN 5148 --- [           main] c.r.e.services.SchedulerService          : error
2024-02-05T23:06:10.507+05:30  WARN 5148 --- [           main] c.r.e.services.SchedulerService          : error
2024-02-05T23:06:10.507+05:30  WARN 5148 --- [           main] c.r.e.services.SchedulerService          : error
2024-02-05T23:06:10.508+05:30  WARN 5148 --- [           main] c.r.e.services.SchedulerService          : error
2024-02-05T23:06:10.508+05:30  WARN 5148 --- [           main] c.r.e.services.SchedulerService          : error
2024-02-05T23:06:10.509+05:30  WARN 5148 --- [           main] c.r.e.services.SchedulerService          : error
2024-02-05T23:06:10.509+05:30  WARN 5148 --- [           main] c.r.e.services.SchedulerService          : error
2024-02-05T23:06:10.510+05:30  WARN 5148 --- [           main] c.r.e.services.SchedulerService          : error
2024-02-05T23:06:10.510+05:30  WARN 5148 --- [           main] c.r.e.services.SchedulerService          : error
2024-02-05T23:06:10.511+05:30  WARN 5148 --- [           main] c.r.e.services.SchedulerService          : error
2024-02-05T23:06:10.511+05:30  WARN 5148 --- [           main] c.r.e.services.SchedulerService          : error
2024-02-05T23:06:10.511+05:30  WARN 5148 --- [           main] c.r.e.services.SchedulerService          : error
2024-02-05T23:06:10.512+05:30  WARN 5148 --- [           main] c.r.e.services.SchedulerService          : error
2024-02-05T23:06:10.513+05:30  WARN 5148 --- [           main] c.r.e.services.SchedulerService          : error
2024-02-05T23:06:10.514+05:30  WARN 5148 --- [           main] c.r.e.services.SchedulerService          : error
2024-02-05T23:06:10.515+05:30  WARN 5148 --- [           main] c.r.e.services.SchedulerService          : error
2024-02-05T23:06:10.516+05:30  WARN 5148 --- [           main] c.r.e.services.SchedulerService          : error
2024-02-05T23:06:10.517+05:30  WARN 5148 --- [           main] c.r.e.services.SchedulerService          : error
2024-02-05T23:06:10.517+05:30  WARN 5148 --- [           main] c.r.e.services.SchedulerService          : error
2024-02-05T23:06:10.518+05:30  WARN 5148 --- [           main] c.r.e.services.SchedulerService          : error
2024-02-05T23:06:10.518+05:30  WARN 5148 --- [           main] c.r.e.services.SchedulerService          : error
2024-02-05T23:06:10.519+05:30  WARN 5148 --- [           main] c.r.e.services.SchedulerService          : error
2024-02-05T23:06:10.520+05:30  WARN 5148 --- [           main] c.r.e.services.SchedulerService          : error
2024-02-05T23:06:10.521+05:30  WARN 5148 --- [           main] c.r.e.services.SchedulerService          : error
2024-02-05T23:06:10.522+05:30  WARN 5148 --- [           main] c.r.e.services.SchedulerService          : error
2024-02-05T23:06:10.522+05:30  WARN 5148 --- [           main] c.r.e.services.SchedulerService          : error
2024-02-05T23:06:10.523+05:30  WARN 5148 --- [           main] c.r.e.services.SchedulerService          : error
2024-02-05T23:06:10.523+05:30  WARN 5148 --- [           main] c.r.e.services.SchedulerService          : error
2024-02-05T23:06:10.524+05:30  WARN 5148 --- [           main] c.r.e.services.SchedulerService          : error
2024-02-05T23:06:10.525+05:30  WARN 5148 --- [           main] c.r.e.services.SchedulerService          : error
2024-02-05T23:06:10.526+05:30  WARN 5148 --- [           main] c.r.e.services.SchedulerService          : error
2024-02-05T23:06:10.528+05:30  WARN 5148 --- [           main] c.r.e.services.SchedulerService          : error
2024-02-05T23:06:10.529+05:30  WARN 5148 --- [           main] c.r.e.services.SchedulerService          : error
2024-02-05T23:06:10.530+05:30  WARN 5148 --- [           main] c.r.e.services.SchedulerService          : error
2024-02-05T23:06:10.531+05:30  WARN 5148 --- [           main] c.r.e.services.SchedulerService          : error
2024-02-05T23:06:10.531+05:30  WARN 5148 --- [           main] c.r.e.services.SchedulerService          : error
2024-02-05T23:06:10.532+05:30  WARN 5148 --- [           main] c.r.e.services.SchedulerService          : error
2024-02-05T23:06:10.533+05:30  WARN 5148 --- [           main] c.r.e.services.SchedulerService          : error
2024-02-05T23:06:10.533+05:30  WARN 5148 --- [           main] c.r.e.services.SchedulerService          : error
2024-02-05T23:06:10.533+05:30  WARN 5148 --- [           main] c.r.e.services.SchedulerService          : error
2024-02-05T23:06:10.533+05:30  WARN 5148 --- [           main] c.r.e.services.SchedulerService          : error
2024-02-05T23:06:10.533+05:30  WARN 5148 --- [           main] c.r.e.services.SchedulerService          : error
2024-02-05T23:06:10.534+05:30  WARN 5148 --- [           main] c.r.e.services.SchedulerService          : error
2024-02-05T23:06:10.534+05:30  WARN 5148 --- [           main] c.r.e.services.SchedulerService          : error
2024-02-05T23:06:10.534+05:30  WARN 5148 --- [           main] c.r.e.services.SchedulerService          : error
2024-02-05T23:06:10.534+05:30  WARN 5148 --- [           main] c.r.e.services.SchedulerService          : error
2024-02-05T23:06:10.535+05:30  WARN 5148 --- [           main] c.r.e.services.SchedulerService          : error
2024-02-05T23:06:10.535+05:30  WARN 5148 --- [           main] c.r.e.services.SchedulerService          : error
2024-02-05T23:06:10.535+05:30  WARN 5148 --- [           main] c.r.e.services.SchedulerService          : error
2024-02-05T23:06:10.535+05:30  WARN 5148 --- [           main] c.r.e.services.SchedulerService          : error
2024-02-05T23:06:10.536+05:30  WARN 5148 --- [           main] c.r.e.services.SchedulerService          : error
2024-02-05T23:06:10.536+05:30  WARN 5148 --- [           main] c.r.e.services.SchedulerService          : error
2024-02-05T23:06:10.536+05:30  WARN 5148 --- [           main] c.r.e.services.SchedulerService          : error
2024-02-05T23:06:10.537+05:30  WARN 5148 --- [           main] c.r.e.services.SchedulerService          : error
2024-02-05T23:06:10.537+05:30  WARN 5148 --- [           main] c.r.e.services.SchedulerService          : error
2024-02-05T23:06:10.537+05:30  WARN 5148 --- [           main] c.r.e.services.SchedulerService          : error
2024-02-05T23:06:10.537+05:30  WARN 5148 --- [           main] c.r.e.services.SchedulerService          : error
2024-02-05T23:06:10.538+05:30  WARN 5148 --- [           main] c.r.e.services.SchedulerService          : error
2024-02-05T23:06:10.538+05:30  WARN 5148 --- [           main] c.r.e.services.SchedulerService          : error
2024-02-05T23:06:10.538+05:30  WARN 5148 --- [           main] c.r.e.services.SchedulerService          : error
2024-02-05T23:06:10.538+05:30  WARN 5148 --- [           main] c.r.e.services.SchedulerService          : error
2024-02-05T23:06:10.538+05:30  WARN 5148 --- [           main] c.r.e.services.SchedulerService          : error
2024-02-05T23:06:10.539+05:30  WARN 5148 --- [           main] c.r.e.services.SchedulerService          : error
2024-02-05T23:06:10.539+05:30  WARN 5148 --- [           main] c.r.e.services.SchedulerService          : error
2024-02-05T23:06:10.539+05:30  WARN 5148 --- [           main] c.r.e.services.SchedulerService          : error
2024-02-05T23:06:10.539+05:30  WARN 5148 --- [           main] c.r.e.services.SchedulerService          : error
2024-02-05T23:06:10.540+05:30  WARN 5148 --- [           main] c.r.e.services.SchedulerService          : error
2024-02-05T23:06:10.540+05:30  WARN 5148 --- [           main] c.r.e.services.SchedulerService          : error
2024-02-05T23:06:10.540+05:30  WARN 5148 --- [           main] c.r.e.services.SchedulerService          : error
2024-02-05T23:06:10.540+05:30  WARN 5148 --- [           main] c.r.e.services.SchedulerService          : error
2024-02-05T23:06:10.540+05:30  WARN 5148 --- [           main] c.r.e.services.SchedulerService          : error
2024-02-05T23:06:10.540+05:30  WARN 5148 --- [           main] c.r.e.services.SchedulerService          : error
2024-02-05T23:06:10.541+05:30  WARN 5148 --- [           main] c.r.e.services.SchedulerService          : error
2024-02-05T23:06:10.541+05:30  WARN 5148 --- [           main] c.r.e.services.SchedulerService          : error
2024-02-05T23:06:10.541+05:30  WARN 5148 --- [           main] c.r.e.services.SchedulerService          : error
2024-02-05T23:06:10.541+05:30  WARN 5148 --- [           main] c.r.e.services.SchedulerService          : error
2024-02-05T23:06:10.542+05:30  WARN 5148 --- [           main] c.r.e.services.SchedulerService          : error
2024-02-05T23:06:10.542+05:30  WARN 5148 --- [           main] c.r.e.services.SchedulerService          : error
2024-02-05T23:06:10.542+05:30  WARN 5148 --- [           main] c.r.e.services.SchedulerService          : error
2024-02-05T23:06:10.542+05:30  WARN 5148 --- [           main] c.r.e.services.SchedulerService          : error
2024-02-05T23:06:10.543+05:30  WARN 5148 --- [           main] c.r.e.services.SchedulerService          : error
2024-02-05T23:06:10.543+05:30  WARN 5148 --- [           main] c.r.e.services.SchedulerService          : error
2024-02-05T23:06:10.543+05:30  WARN 5148 --- [           main] c.r.e.services.SchedulerService          : error
2024-02-05T23:06:10.543+05:30  WARN 5148 --- [           main] c.r.e.services.SchedulerService          : error
2024-02-05T23:06:10.543+05:30  WARN 5148 --- [           main] c.r.e.services.SchedulerService          : error
2024-02-05T23:06:10.545+05:30  WARN 5148 --- [           main] c.r.e.services.SchedulerService          : error
2024-02-05T23:06:10.546+05:30  WARN 5148 --- [           main] c.r.e.services.SchedulerService          : error
2024-02-05T23:06:10.547+05:30  WARN 5148 --- [           main] c.r.e.services.SchedulerService          : error
2024-02-05T23:06:10.547+05:30  WARN 5148 --- [           main] c.r.e.services.SchedulerService          : error
2024-02-05T23:06:10.548+05:30  WARN 5148 --- [           main] c.r.e.services.SchedulerService          : error
2024-02-05T23:06:10.548+05:30  WARN 5148 --- [           main] c.r.e.services.SchedulerService          : error
2024-02-05T23:06:10.549+05:30  WARN 5148 --- [           main] c.r.e.services.SchedulerService          : error
2024-02-05T23:06:10.549+05:30  WARN 5148 --- [           main] c.r.e.services.SchedulerService          : error
2024-02-05T23:06:10.549+05:30  WARN 5148 --- [           main] c.r.e.services.SchedulerService          : error
2024-02-05T23:06:10.550+05:30  WARN 5148 --- [           main] c.r.e.services.SchedulerService          : error
2024-02-05T23:06:10.550+05:30  WARN 5148 --- [           main] c.r.e.services.SchedulerService          : error
2024-02-05T23:06:10.551+05:30  WARN 5148 --- [           main] c.r.e.services.SchedulerService          : error
2024-02-05T23:06:10.551+05:30  WARN 5148 --- [           main] c.r.e.services.SchedulerService          : error
2024-02-05T23:06:10.551+05:30  WARN 5148 --- [           main] c.r.e.services.SchedulerService          : error
2024-02-05T23:06:10.552+05:30  WARN 5148 --- [           main] c.r.e.services.SchedulerService          : error
2024-02-05T23:06:10.553+05:30  WARN 5148 --- [           main] c.r.e.services.SchedulerService          : error
2024-02-05T23:06:10.553+05:30  WARN 5148 --- [           main] c.r.e.services.SchedulerService          : error
]]></system-out>
  </testcase>
  <testcase name="fetchRateData_Success" classname="com.rishabh.exchangeRate.services.SchedulerServiceTest" time="0.111">
    <system-out><![CDATA[2024-02-05T23:06:10.587+05:30  WARN 5148 --- [           main] c.r.e.services.SchedulerService          : success
2024-02-05T23:06:10.588+05:30  WARN 5148 --- [           main] c.r.e.services.SchedulerService          : success
2024-02-05T23:06:10.589+05:30  WARN 5148 --- [           main] c.r.e.services.SchedulerService          : success
2024-02-05T23:06:10.589+05:30  WARN 5148 --- [           main] c.r.e.services.SchedulerService          : success
2024-02-05T23:06:10.590+05:30  WARN 5148 --- [           main] c.r.e.services.SchedulerService          : success
2024-02-05T23:06:10.590+05:30  WARN 5148 --- [           main] c.r.e.services.SchedulerService          : success
2024-02-05T23:06:10.590+05:30  WARN 5148 --- [           main] c.r.e.services.SchedulerService          : success
2024-02-05T23:06:10.591+05:30  WARN 5148 --- [           main] c.r.e.services.SchedulerService          : success
2024-02-05T23:06:10.592+05:30  WARN 5148 --- [           main] c.r.e.services.SchedulerService          : success
2024-02-05T23:06:10.592+05:30  WARN 5148 --- [           main] c.r.e.services.SchedulerService          : success
2024-02-05T23:06:10.593+05:30  WARN 5148 --- [           main] c.r.e.services.SchedulerService          : success
2024-02-05T23:06:10.594+05:30  WARN 5148 --- [           main] c.r.e.services.SchedulerService          : success
2024-02-05T23:06:10.595+05:30  WARN 5148 --- [           main] c.r.e.services.SchedulerService          : success
2024-02-05T23:06:10.596+05:30  WARN 5148 --- [           main] c.r.e.services.SchedulerService          : success
2024-02-05T23:06:10.596+05:30  WARN 5148 --- [           main] c.r.e.services.SchedulerService          : success
2024-02-05T23:06:10.597+05:30  WARN 5148 --- [           main] c.r.e.services.SchedulerService          : success
2024-02-05T23:06:10.597+05:30  WARN 5148 --- [           main] c.r.e.services.SchedulerService          : success
2024-02-05T23:06:10.598+05:30  WARN 5148 --- [           main] c.r.e.services.SchedulerService          : success
2024-02-05T23:06:10.598+05:30  WARN 5148 --- [           main] c.r.e.services.SchedulerService          : success
2024-02-05T23:06:10.599+05:30  WARN 5148 --- [           main] c.r.e.services.SchedulerService          : success
2024-02-05T23:06:10.601+05:30  WARN 5148 --- [           main] c.r.e.services.SchedulerService          : success
2024-02-05T23:06:10.602+05:30  WARN 5148 --- [           main] c.r.e.services.SchedulerService          : success
2024-02-05T23:06:10.602+05:30  WARN 5148 --- [           main] c.r.e.services.SchedulerService          : success
2024-02-05T23:06:10.603+05:30  WARN 5148 --- [           main] c.r.e.services.SchedulerService          : success
2024-02-05T23:06:10.603+05:30  WARN 5148 --- [           main] c.r.e.services.SchedulerService          : success
2024-02-05T23:06:10.603+05:30  WARN 5148 --- [           main] c.r.e.services.SchedulerService          : success
2024-02-05T23:06:10.603+05:30  WARN 5148 --- [           main] c.r.e.services.SchedulerService          : success
2024-02-05T23:06:10.603+05:30  WARN 5148 --- [           main] c.r.e.services.SchedulerService          : success
2024-02-05T23:06:10.604+05:30  WARN 5148 --- [           main] c.r.e.services.SchedulerService          : success
2024-02-05T23:06:10.604+05:30  WARN 5148 --- [           main] c.r.e.services.SchedulerService          : success
2024-02-05T23:06:10.604+05:30  WARN 5148 --- [           main] c.r.e.services.SchedulerService          : success
2024-02-05T23:06:10.604+05:30  WARN 5148 --- [           main] c.r.e.services.SchedulerService          : success
2024-02-05T23:06:10.604+05:30  WARN 5148 --- [           main] c.r.e.services.SchedulerService          : success
2024-02-05T23:06:10.605+05:30  WARN 5148 --- [           main] c.r.e.services.SchedulerService          : success
2024-02-05T23:06:10.605+05:30  WARN 5148 --- [           main] c.r.e.services.SchedulerService          : success
2024-02-05T23:06:10.605+05:30  WARN 5148 --- [           main] c.r.e.services.SchedulerService          : success
2024-02-05T23:06:10.605+05:30  WARN 5148 --- [           main] c.r.e.services.SchedulerService          : success
2024-02-05T23:06:10.605+05:30  WARN 5148 --- [           main] c.r.e.services.SchedulerService          : success
2024-02-05T23:06:10.606+05:30  WARN 5148 --- [           main] c.r.e.services.SchedulerService          : success
2024-02-05T23:06:10.606+05:30  WARN 5148 --- [           main] c.r.e.services.SchedulerService          : success
2024-02-05T23:06:10.606+05:30  WARN 5148 --- [           main] c.r.e.services.SchedulerService          : success
2024-02-05T23:06:10.606+05:30  WARN 5148 --- [           main] c.r.e.services.SchedulerService          : success
2024-02-05T23:06:10.606+05:30  WARN 5148 --- [           main] c.r.e.services.SchedulerService          : success
2024-02-05T23:06:10.607+05:30  WARN 5148 --- [           main] c.r.e.services.SchedulerService          : success
2024-02-05T23:06:10.607+05:30  WARN 5148 --- [           main] c.r.e.services.SchedulerService          : success
2024-02-05T23:06:10.607+05:30  WARN 5148 --- [           main] c.r.e.services.SchedulerService          : success
2024-02-05T23:06:10.608+05:30  WARN 5148 --- [           main] c.r.e.services.SchedulerService          : success
2024-02-05T23:06:10.609+05:30  WARN 5148 --- [           main] c.r.e.services.SchedulerService          : success
2024-02-05T23:06:10.610+05:30  WARN 5148 --- [           main] c.r.e.services.SchedulerService          : success
2024-02-05T23:06:10.611+05:30  WARN 5148 --- [           main] c.r.e.services.SchedulerService          : success
2024-02-05T23:06:10.611+05:30  WARN 5148 --- [           main] c.r.e.services.SchedulerService          : success
2024-02-05T23:06:10.612+05:30  WARN 5148 --- [           main] c.r.e.services.SchedulerService          : success
2024-02-05T23:06:10.612+05:30  WARN 5148 --- [           main] c.r.e.services.SchedulerService          : success
2024-02-05T23:06:10.613+05:30  WARN 5148 --- [           main] c.r.e.services.SchedulerService          : success
2024-02-05T23:06:10.613+05:30  WARN 5148 --- [           main] c.r.e.services.SchedulerService          : success
2024-02-05T23:06:10.613+05:30  WARN 5148 --- [           main] c.r.e.services.SchedulerService          : success
2024-02-05T23:06:10.613+05:30  WARN 5148 --- [           main] c.r.e.services.SchedulerService          : success
2024-02-05T23:06:10.613+05:30  WARN 5148 --- [           main] c.r.e.services.SchedulerService          : success
2024-02-05T23:06:10.614+05:30  WARN 5148 --- [           main] c.r.e.services.SchedulerService          : success
2024-02-05T23:06:10.614+05:30  WARN 5148 --- [           main] c.r.e.services.SchedulerService          : success
2024-02-05T23:06:10.614+05:30  WARN 5148 --- [           main] c.r.e.services.SchedulerService          : success
2024-02-05T23:06:10.614+05:30  WARN 5148 --- [           main] c.r.e.services.SchedulerService          : success
2024-02-05T23:06:10.614+05:30  WARN 5148 --- [           main] c.r.e.services.SchedulerService          : success
2024-02-05T23:06:10.615+05:30  WARN 5148 --- [           main] c.r.e.services.SchedulerService          : success
2024-02-05T23:06:10.615+05:30  WARN 5148 --- [           main] c.r.e.services.SchedulerService          : success
2024-02-05T23:06:10.615+05:30  WARN 5148 --- [           main] c.r.e.services.SchedulerService          : success
2024-02-05T23:06:10.615+05:30  WARN 5148 --- [           main] c.r.e.services.SchedulerService          : success
2024-02-05T23:06:10.615+05:30  WARN 5148 --- [           main] c.r.e.services.SchedulerService          : success
2024-02-05T23:06:10.616+05:30  WARN 5148 --- [           main] c.r.e.services.SchedulerService          : success
2024-02-05T23:06:10.616+05:30  WARN 5148 --- [           main] c.r.e.services.SchedulerService          : success
2024-02-05T23:06:10.616+05:30  WARN 5148 --- [           main] c.r.e.services.SchedulerService          : success
2024-02-05T23:06:10.616+05:30  WARN 5148 --- [           main] c.r.e.services.SchedulerService          : success
2024-02-05T23:06:10.617+05:30  WARN 5148 --- [           main] c.r.e.services.SchedulerService          : success
2024-02-05T23:06:10.617+05:30  WARN 5148 --- [           main] c.r.e.services.SchedulerService          : success
2024-02-05T23:06:10.617+05:30  WARN 5148 --- [           main] c.r.e.services.SchedulerService          : success
2024-02-05T23:06:10.617+05:30  WARN 5148 --- [           main] c.r.e.services.SchedulerService          : success
2024-02-05T23:06:10.618+05:30  WARN 5148 --- [           main] c.r.e.services.SchedulerService          : success
2024-02-05T23:06:10.618+05:30  WARN 5148 --- [           main] c.r.e.services.SchedulerService          : success
2024-02-05T23:06:10.618+05:30  WARN 5148 --- [           main] c.r.e.services.SchedulerService          : success
2024-02-05T23:06:10.618+05:30  WARN 5148 --- [           main] c.r.e.services.SchedulerService          : success
2024-02-05T23:06:10.618+05:30  WARN 5148 --- [           main] c.r.e.services.SchedulerService          : success
2024-02-05T23:06:10.619+05:30  WARN 5148 --- [           main] c.r.e.services.SchedulerService          : success
2024-02-05T23:06:10.619+05:30  WARN 5148 --- [           main] c.r.e.services.SchedulerService          : success
2024-02-05T23:06:10.619+05:30  WARN 5148 --- [           main] c.r.e.services.SchedulerService          : success
2024-02-05T23:06:10.620+05:30  WARN 5148 --- [           main] c.r.e.services.SchedulerService          : success
2024-02-05T23:06:10.620+05:30  WARN 5148 --- [           main] c.r.e.services.SchedulerService          : success
2024-02-05T23:06:10.620+05:30  WARN 5148 --- [           main] c.r.e.services.SchedulerService          : success
2024-02-05T23:06:10.621+05:30  WARN 5148 --- [           main] c.r.e.services.SchedulerService          : success
2024-02-05T23:06:10.621+05:30  WARN 5148 --- [           main] c.r.e.services.SchedulerService          : success
2024-02-05T23:06:10.621+05:30  WARN 5148 --- [           main] c.r.e.services.SchedulerService          : success
2024-02-05T23:06:10.621+05:30  WARN 5148 --- [           main] c.r.e.services.SchedulerService          : success
2024-02-05T23:06:10.621+05:30  WARN 5148 --- [           main] c.r.e.services.SchedulerService          : success
2024-02-05T23:06:10.622+05:30  WARN 5148 --- [           main] c.r.e.services.SchedulerService          : success
2024-02-05T23:06:10.622+05:30  WARN 5148 --- [           main] c.r.e.services.SchedulerService          : success
2024-02-05T23:06:10.622+05:30  WARN 5148 --- [           main] c.r.e.services.SchedulerService          : success
2024-02-05T23:06:10.623+05:30  WARN 5148 --- [           main] c.r.e.services.SchedulerService          : success
2024-02-05T23:06:10.623+05:30  WARN 5148 --- [           main] c.r.e.services.SchedulerService          : success
2024-02-05T23:06:10.623+05:30  WARN 5148 --- [           main] c.r.e.services.SchedulerService          : success
2024-02-05T23:06:10.623+05:30  WARN 5148 --- [           main] c.r.e.services.SchedulerService          : success
2024-02-05T23:06:10.623+05:30  WARN 5148 --- [           main] c.r.e.services.SchedulerService          : success
2024-02-05T23:06:10.624+05:30  WARN 5148 --- [           main] c.r.e.services.SchedulerService          : success
2024-02-05T23:06:10.624+05:30  WARN 5148 --- [           main] c.r.e.services.SchedulerService          : success
2024-02-05T23:06:10.624+05:30  WARN 5148 --- [           main] c.r.e.services.SchedulerService          : success
2024-02-05T23:06:10.624+05:30  WARN 5148 --- [           main] c.r.e.services.SchedulerService          : success
2024-02-05T23:06:10.625+05:30  WARN 5148 --- [           main] c.r.e.services.SchedulerService          : success
2024-02-05T23:06:10.625+05:30  WARN 5148 --- [           main] c.r.e.services.SchedulerService          : success
2024-02-05T23:06:10.625+05:30  WARN 5148 --- [           main] c.r.e.services.SchedulerService          : success
2024-02-05T23:06:10.625+05:30  WARN 5148 --- [           main] c.r.e.services.SchedulerService          : success
2024-02-05T23:06:10.626+05:30  WARN 5148 --- [           main] c.r.e.services.SchedulerService          : success
2024-02-05T23:06:10.626+05:30  WARN 5148 --- [           main] c.r.e.services.SchedulerService          : success
2024-02-05T23:06:10.626+05:30  WARN 5148 --- [           main] c.r.e.services.SchedulerService          : success
2024-02-05T23:06:10.626+05:30  WARN 5148 --- [           main] c.r.e.services.SchedulerService          : success
2024-02-05T23:06:10.627+05:30  WARN 5148 --- [           main] c.r.e.services.SchedulerService          : success
2024-02-05T23:06:10.627+05:30  WARN 5148 --- [           main] c.r.e.services.SchedulerService          : success
2024-02-05T23:06:10.628+05:30  WARN 5148 --- [           main] c.r.e.services.SchedulerService          : success
2024-02-05T23:06:10.628+05:30  WARN 5148 --- [           main] c.r.e.services.SchedulerService          : success
2024-02-05T23:06:10.629+05:30  WARN 5148 --- [           main] c.r.e.services.SchedulerService          : success
2024-02-05T23:06:10.629+05:30  WARN 5148 --- [           main] c.r.e.services.SchedulerService          : success
2024-02-05T23:06:10.629+05:30  WARN 5148 --- [           main] c.r.e.services.SchedulerService          : success
2024-02-05T23:06:10.629+05:30  WARN 5148 --- [           main] c.r.e.services.SchedulerService          : success
2024-02-05T23:06:10.630+05:30  WARN 5148 --- [           main] c.r.e.services.SchedulerService          : success
2024-02-05T23:06:10.630+05:30  WARN 5148 --- [           main] c.r.e.services.SchedulerService          : success
2024-02-05T23:06:10.630+05:30  WARN 5148 --- [           main] c.r.e.services.SchedulerService          : success
2024-02-05T23:06:10.630+05:30  WARN 5148 --- [           main] c.r.e.services.SchedulerService          : success
2024-02-05T23:06:10.631+05:30  WARN 5148 --- [           main] c.r.e.services.SchedulerService          : success
2024-02-05T23:06:10.631+05:30  WARN 5148 --- [           main] c.r.e.services.SchedulerService          : success
2024-02-05T23:06:10.631+05:30  WARN 5148 --- [           main] c.r.e.services.SchedulerService          : success
2024-02-05T23:06:10.631+05:30  WARN 5148 --- [           main] c.r.e.services.SchedulerService          : success
2024-02-05T23:06:10.631+05:30  WARN 5148 --- [           main] c.r.e.services.SchedulerService          : success
2024-02-05T23:06:10.632+05:30  WARN 5148 --- [           main] c.r.e.services.SchedulerService          : success
2024-02-05T23:06:10.632+05:30  WARN 5148 --- [           main] c.r.e.services.SchedulerService          : success
2024-02-05T23:06:10.632+05:30  WARN 5148 --- [           main] c.r.e.services.SchedulerService          : success
2024-02-05T23:06:10.632+05:30  WARN 5148 --- [           main] c.r.e.services.SchedulerService          : success
2024-02-05T23:06:10.632+05:30  WARN 5148 --- [           main] c.r.e.services.SchedulerService          : success
2024-02-05T23:06:10.632+05:30  WARN 5148 --- [           main] c.r.e.services.SchedulerService          : success
2024-02-05T23:06:10.633+05:30  WARN 5148 --- [           main] c.r.e.services.SchedulerService          : success
2024-02-05T23:06:10.633+05:30  WARN 5148 --- [           main] c.r.e.services.SchedulerService          : success
2024-02-05T23:06:10.633+05:30  WARN 5148 --- [           main] c.r.e.services.SchedulerService          : success
2024-02-05T23:06:10.633+05:30  WARN 5148 --- [           main] c.r.e.services.SchedulerService          : success
2024-02-05T23:06:10.633+05:30  WARN 5148 --- [           main] c.r.e.services.SchedulerService          : success
2024-02-05T23:06:10.634+05:30  WARN 5148 --- [           main] c.r.e.services.SchedulerService          : success
2024-02-05T23:06:10.634+05:30  WARN 5148 --- [           main] c.r.e.services.SchedulerService          : success
2024-02-05T23:06:10.634+05:30  WARN 5148 --- [           main] c.r.e.services.SchedulerService          : success
2024-02-05T23:06:10.634+05:30  WARN 5148 --- [           main] c.r.e.services.SchedulerService          : success
2024-02-05T23:06:10.634+05:30  WARN 5148 --- [           main] c.r.e.services.SchedulerService          : success
2024-02-05T23:06:10.634+05:30  WARN 5148 --- [           main] c.r.e.services.SchedulerService          : success
2024-02-05T23:06:10.635+05:30  WARN 5148 --- [           main] c.r.e.services.SchedulerService          : success
2024-02-05T23:06:10.635+05:30  WARN 5148 --- [           main] c.r.e.services.SchedulerService          : success
2024-02-05T23:06:10.635+05:30  WARN 5148 --- [           main] c.r.e.services.SchedulerService          : success
2024-02-05T23:06:10.635+05:30  WARN 5148 --- [           main] c.r.e.services.SchedulerService          : success
2024-02-05T23:06:10.635+05:30  WARN 5148 --- [           main] c.r.e.services.SchedulerService          : success
2024-02-05T23:06:10.636+05:30  WARN 5148 --- [           main] c.r.e.services.SchedulerService          : success
2024-02-05T23:06:10.636+05:30  WARN 5148 --- [           main] c.r.e.services.SchedulerService          : success
2024-02-05T23:06:10.636+05:30  WARN 5148 --- [           main] c.r.e.services.SchedulerService          : success
2024-02-05T23:06:10.636+05:30  WARN 5148 --- [           main] c.r.e.services.SchedulerService          : success
2024-02-05T23:06:10.636+05:30  WARN 5148 --- [           main] c.r.e.services.SchedulerService          : success
2024-02-05T23:06:10.636+05:30  WARN 5148 --- [           main] c.r.e.services.SchedulerService          : success
2024-02-05T23:06:10.637+05:30  WARN 5148 --- [           main] c.r.e.services.SchedulerService          : success
2024-02-05T23:06:10.637+05:30  WARN 5148 --- [           main] c.r.e.services.SchedulerService          : success
2024-02-05T23:06:10.637+05:30  WARN 5148 --- [           main] c.r.e.services.SchedulerService          : success
2024-02-05T23:06:10.637+05:30  WARN 5148 --- [           main] c.r.e.services.SchedulerService          : success
2024-02-05T23:06:10.637+05:30  WARN 5148 --- [           main] c.r.e.services.SchedulerService          : success
2024-02-05T23:06:10.638+05:30  WARN 5148 --- [           main] c.r.e.services.SchedulerService          : success
2024-02-05T23:06:10.638+05:30  WARN 5148 --- [           main] c.r.e.services.SchedulerService          : success
2024-02-05T23:06:10.638+05:30  WARN 5148 --- [           main] c.r.e.services.SchedulerService          : success
2024-02-05T23:06:10.638+05:30  WARN 5148 --- [           main] c.r.e.services.SchedulerService          : success
2024-02-05T23:06:10.638+05:30  WARN 5148 --- [           main] c.r.e.services.SchedulerService          : success
2024-02-05T23:06:10.638+05:30  WARN 5148 --- [           main] c.r.e.services.SchedulerService          : success
2024-02-05T23:06:10.639+05:30  WARN 5148 --- [           main] c.r.e.services.SchedulerService          : success
2024-02-05T23:06:10.639+05:30  WARN 5148 --- [           main] c.r.e.services.SchedulerService          : success
2024-02-05T23:06:10.639+05:30  WARN 5148 --- [           main] c.r.e.services.SchedulerService          : success
2024-02-05T23:06:10.639+05:30  WARN 5148 --- [           main] c.r.e.services.SchedulerService          : success
2024-02-05T23:06:10.639+05:30  WARN 5148 --- [           main] c.r.e.services.SchedulerService          : success
2024-02-05T23:06:10.640+05:30  WARN 5148 --- [           main] c.r.e.services.SchedulerService          : success
2024-02-05T23:06:10.640+05:30  WARN 5148 --- [           main] c.r.e.services.SchedulerService          : success
2024-02-05T23:06:10.640+05:30  WARN 5148 --- [           main] c.r.e.services.SchedulerService          : success
2024-02-05T23:06:10.640+05:30  WARN 5148 --- [           main] c.r.e.services.SchedulerService          : success
2024-02-05T23:06:10.640+05:30  WARN 5148 --- [           main] c.r.e.services.SchedulerService          : success
2024-02-05T23:06:10.641+05:30  WARN 5148 --- [           main] c.r.e.services.SchedulerService          : success
2024-02-05T23:06:10.641+05:30  WARN 5148 --- [           main] c.r.e.services.SchedulerService          : success
2024-02-05T23:06:10.641+05:30  WARN 5148 --- [           main] c.r.e.services.SchedulerService          : success
2024-02-05T23:06:10.641+05:30  WARN 5148 --- [           main] c.r.e.services.SchedulerService          : success
2024-02-05T23:06:10.641+05:30  WARN 5148 --- [           main] c.r.e.services.SchedulerService          : success
2024-02-05T23:06:10.642+05:30  WARN 5148 --- [           main] c.r.e.services.SchedulerService          : success
2024-02-05T23:06:10.642+05:30  WARN 5148 --- [           main] c.r.e.services.SchedulerService          : success
2024-02-05T23:06:10.642+05:30  WARN 5148 --- [           main] c.r.e.services.SchedulerService          : success
2024-02-05T23:06:10.642+05:30  WARN 5148 --- [           main] c.r.e.services.SchedulerService          : success
2024-02-05T23:06:10.642+05:30  WARN 5148 --- [           main] c.r.e.services.SchedulerService          : success
2024-02-05T23:06:10.642+05:30  WARN 5148 --- [           main] c.r.e.services.SchedulerService          : success
2024-02-05T23:06:10.643+05:30  WARN 5148 --- [           main] c.r.e.services.SchedulerService          : success
2024-02-05T23:06:10.643+05:30  WARN 5148 --- [           main] c.r.e.services.SchedulerService          : success
2024-02-05T23:06:10.643+05:30  WARN 5148 --- [           main] c.r.e.services.SchedulerService          : success
2024-02-05T23:06:10.643+05:30  WARN 5148 --- [           main] c.r.e.services.SchedulerService          : success
2024-02-05T23:06:10.643+05:30  WARN 5148 --- [           main] c.r.e.services.SchedulerService          : success
2024-02-05T23:06:10.643+05:30  WARN 5148 --- [           main] c.r.e.services.SchedulerService          : success
2024-02-05T23:06:10.644+05:30  WARN 5148 --- [           main] c.r.e.services.SchedulerService          : success
2024-02-05T23:06:10.644+05:30  WARN 5148 --- [           main] c.r.e.services.SchedulerService          : success
2024-02-05T23:06:10.644+05:30  WARN 5148 --- [           main] c.r.e.services.SchedulerService          : success
2024-02-05T23:06:10.644+05:30  WARN 5148 --- [           main] c.r.e.services.SchedulerService          : success
2024-02-05T23:06:10.644+05:30  WARN 5148 --- [           main] c.r.e.services.SchedulerService          : success
2024-02-05T23:06:10.644+05:30  WARN 5148 --- [           main] c.r.e.services.SchedulerService          : success
2024-02-05T23:06:10.644+05:30  WARN 5148 --- [           main] c.r.e.services.SchedulerService          : success
2024-02-05T23:06:10.645+05:30  WARN 5148 --- [           main] c.r.e.services.SchedulerService          : success
2024-02-05T23:06:10.645+05:30  WARN 5148 --- [           main] c.r.e.services.SchedulerService          : success
2024-02-05T23:06:10.645+05:30  WARN 5148 --- [           main] c.r.e.services.SchedulerService          : success
2024-02-05T23:06:10.645+05:30  WARN 5148 --- [           main] c.r.e.services.SchedulerService          : success
2024-02-05T23:06:10.645+05:30  WARN 5148 --- [           main] c.r.e.services.SchedulerService          : success
2024-02-05T23:06:10.645+05:30  WARN 5148 --- [           main] c.r.e.services.SchedulerService          : success
2024-02-05T23:06:10.646+05:30  WARN 5148 --- [           main] c.r.e.services.SchedulerService          : success
2024-02-05T23:06:10.646+05:30  WARN 5148 --- [           main] c.r.e.services.SchedulerService          : success
2024-02-05T23:06:10.646+05:30  WARN 5148 --- [           main] c.r.e.services.SchedulerService          : success
2024-02-05T23:06:10.646+05:30  WARN 5148 --- [           main] c.r.e.services.SchedulerService          : success
2024-02-05T23:06:10.646+05:30  WARN 5148 --- [           main] c.r.e.services.SchedulerService          : success
2024-02-05T23:06:10.646+05:30  WARN 5148 --- [           main] c.r.e.services.SchedulerService          : success
2024-02-05T23:06:10.646+05:30  WARN 5148 --- [           main] c.r.e.services.SchedulerService          : success
2024-02-05T23:06:10.647+05:30  WARN 5148 --- [           main] c.r.e.services.SchedulerService          : success
2024-02-05T23:06:10.647+05:30  WARN 5148 --- [           main] c.r.e.services.SchedulerService          : success
2024-02-05T23:06:10.647+05:30  WARN 5148 --- [           main] c.r.e.services.SchedulerService          : success
2024-02-05T23:06:10.647+05:30  WARN 5148 --- [           main] c.r.e.services.SchedulerService          : success
2024-02-05T23:06:10.647+05:30  WARN 5148 --- [           main] c.r.e.services.SchedulerService          : success
2024-02-05T23:06:10.647+05:30  WARN 5148 --- [           main] c.r.e.services.SchedulerService          : success
2024-02-05T23:06:10.648+05:30  WARN 5148 --- [           main] c.r.e.services.SchedulerService          : success
2024-02-05T23:06:10.648+05:30  WARN 5148 --- [           main] c.r.e.services.SchedulerService          : success
2024-02-05T23:06:10.648+05:30  WARN 5148 --- [           main] c.r.e.services.SchedulerService          : success
2024-02-05T23:06:10.648+05:30  WARN 5148 --- [           main] c.r.e.services.SchedulerService          : success
2024-02-05T23:06:10.648+05:30  WARN 5148 --- [           main] c.r.e.services.SchedulerService          : success
2024-02-05T23:06:10.648+05:30  WARN 5148 --- [           main] c.r.e.services.SchedulerService          : success
2024-02-05T23:06:10.649+05:30  WARN 5148 --- [           main] c.r.e.services.SchedulerService          : success
2024-02-05T23:06:10.649+05:30  WARN 5148 --- [           main] c.r.e.services.SchedulerService          : success
2024-02-05T23:06:10.649+05:30  WARN 5148 --- [           main] c.r.e.services.SchedulerService          : success
2024-02-05T23:06:10.649+05:30  WARN 5148 --- [           main] c.r.e.services.SchedulerService          : success
2024-02-05T23:06:10.649+05:30  WARN 5148 --- [           main] c.r.e.services.SchedulerService          : success
2024-02-05T23:06:10.649+05:30  WARN 5148 --- [           main] c.r.e.services.SchedulerService          : success
2024-02-05T23:06:10.650+05:30  WARN 5148 --- [           main] c.r.e.services.SchedulerService          : success
2024-02-05T23:06:10.650+05:30  WARN 5148 --- [           main] c.r.e.services.SchedulerService          : success
2024-02-05T23:06:10.650+05:30  WARN 5148 --- [           main] c.r.e.services.SchedulerService          : success
2024-02-05T23:06:10.650+05:30  WARN 5148 --- [           main] c.r.e.services.SchedulerService          : success
2024-02-05T23:06:10.650+05:30  WARN 5148 --- [           main] c.r.e.services.SchedulerService          : success
2024-02-05T23:06:10.650+05:30  WARN 5148 --- [           main] c.r.e.services.SchedulerService          : success
2024-02-05T23:06:10.651+05:30  WARN 5148 --- [           main] c.r.e.services.SchedulerService          : success
2024-02-05T23:06:10.651+05:30  WARN 5148 --- [           main] c.r.e.services.SchedulerService          : success
2024-02-05T23:06:10.651+05:30  WARN 5148 --- [           main] c.r.e.services.SchedulerService          : success
2024-02-05T23:06:10.651+05:30  WARN 5148 --- [           main] c.r.e.services.SchedulerService          : success
2024-02-05T23:06:10.651+05:30  WARN 5148 --- [           main] c.r.e.services.SchedulerService          : success
2024-02-05T23:06:10.651+05:30  WARN 5148 --- [           main] c.r.e.services.SchedulerService          : success
2024-02-05T23:06:10.652+05:30  WARN 5148 --- [           main] c.r.e.services.SchedulerService          : success
2024-02-05T23:06:10.652+05:30  WARN 5148 --- [           main] c.r.e.services.SchedulerService          : success
2024-02-05T23:06:10.652+05:30  WARN 5148 --- [           main] c.r.e.services.SchedulerService          : success
2024-02-05T23:06:10.652+05:30  WARN 5148 --- [           main] c.r.e.services.SchedulerService          : success
2024-02-05T23:06:10.652+05:30  WARN 5148 --- [           main] c.r.e.services.SchedulerService          : success
2024-02-05T23:06:10.653+05:30  WARN 5148 --- [           main] c.r.e.services.SchedulerService          : success
2024-02-05T23:06:10.653+05:30  WARN 5148 --- [           main] c.r.e.services.SchedulerService          : success
2024-02-05T23:06:10.653+05:30  WARN 5148 --- [           main] c.r.e.services.SchedulerService          : success
2024-02-05T23:06:10.653+05:30  WARN 5148 --- [           main] c.r.e.services.SchedulerService          : success
2024-02-05T23:06:10.653+05:30  WARN 5148 --- [           main] c.r.e.services.SchedulerService          : success
2024-02-05T23:06:10.653+05:30  WARN 5148 --- [           main] c.r.e.services.SchedulerService          : success
2024-02-05T23:06:10.654+05:30  WARN 5148 --- [           main] c.r.e.services.SchedulerService          : success
2024-02-05T23:06:10.654+05:30  WARN 5148 --- [           main] c.r.e.services.SchedulerService          : success
2024-02-05T23:06:10.654+05:30  WARN 5148 --- [           main] c.r.e.services.SchedulerService          : success
2024-02-05T23:06:10.655+05:30  WARN 5148 --- [           main] c.r.e.services.SchedulerService          : success
2024-02-05T23:06:10.655+05:30  WARN 5148 --- [           main] c.r.e.services.SchedulerService          : success
2024-02-05T23:06:10.655+05:30  WARN 5148 --- [           main] c.r.e.services.SchedulerService          : success
2024-02-05T23:06:10.656+05:30  WARN 5148 --- [           main] c.r.e.services.SchedulerService          : success
2024-02-05T23:06:10.656+05:30  WARN 5148 --- [           main] c.r.e.services.SchedulerService          : success
2024-02-05T23:06:10.656+05:30  WARN 5148 --- [           main] c.r.e.services.SchedulerService          : success
2024-02-05T23:06:10.656+05:30  WARN 5148 --- [           main] c.r.e.services.SchedulerService          : success
2024-02-05T23:06:10.656+05:30  WARN 5148 --- [           main] c.r.e.services.SchedulerService          : success
2024-02-05T23:06:10.657+05:30  WARN 5148 --- [           main] c.r.e.services.SchedulerService          : success
2024-02-05T23:06:10.657+05:30  WARN 5148 --- [           main] c.r.e.services.SchedulerService          : success
2024-02-05T23:06:10.657+05:30  WARN 5148 --- [           main] c.r.e.services.SchedulerService          : success
2024-02-05T23:06:10.657+05:30  WARN 5148 --- [           main] c.r.e.services.SchedulerService          : success
2024-02-05T23:06:10.657+05:30  WARN 5148 --- [           main] c.r.e.services.SchedulerService          : success
2024-02-05T23:06:10.658+05:30  WARN 5148 --- [           main] c.r.e.services.SchedulerService          : success
2024-02-05T23:06:10.658+05:30  WARN 5148 --- [           main] c.r.e.services.SchedulerService          : success
2024-02-05T23:06:10.658+05:30  WARN 5148 --- [           main] c.r.e.services.SchedulerService          : success
2024-02-05T23:06:10.658+05:30  WARN 5148 --- [           main] c.r.e.services.SchedulerService          : success
2024-02-05T23:06:10.658+05:30  WARN 5148 --- [           main] c.r.e.services.SchedulerService          : success
2024-02-05T23:06:10.659+05:30  WARN 5148 --- [           main] c.r.e.services.SchedulerService          : success
2024-02-05T23:06:10.659+05:30  WARN 5148 --- [           main] c.r.e.services.SchedulerService          : success
2024-02-05T23:06:10.659+05:30  WARN 5148 --- [           main] c.r.e.services.SchedulerService          : success
2024-02-05T23:06:10.659+05:30  WARN 5148 --- [           main] c.r.e.services.SchedulerService          : success
2024-02-05T23:06:10.659+05:30  WARN 5148 --- [           main] c.r.e.services.SchedulerService          : success
2024-02-05T23:06:10.660+05:30  WARN 5148 --- [           main] c.r.e.services.SchedulerService          : success
2024-02-05T23:06:10.660+05:30  WARN 5148 --- [           main] c.r.e.services.SchedulerService          : success
2024-02-05T23:06:10.660+05:30  WARN 5148 --- [           main] c.r.e.services.SchedulerService          : success
2024-02-05T23:06:10.660+05:30  WARN 5148 --- [           main] c.r.e.services.SchedulerService          : success
2024-02-05T23:06:10.660+05:30  WARN 5148 --- [           main] c.r.e.services.SchedulerService          : success
2024-02-05T23:06:10.660+05:30  WARN 5148 --- [           main] c.r.e.services.SchedulerService          : success
2024-02-05T23:06:10.661+05:30  WARN 5148 --- [           main] c.r.e.services.SchedulerService          : success
2024-02-05T23:06:10.661+05:30  WARN 5148 --- [           main] c.r.e.services.SchedulerService          : success
2024-02-05T23:06:10.661+05:30  WARN 5148 --- [           main] c.r.e.services.SchedulerService          : success
2024-02-05T23:06:10.661+05:30  WARN 5148 --- [           main] c.r.e.services.SchedulerService          : success
2024-02-05T23:06:10.661+05:30  WARN 5148 --- [           main] c.r.e.services.SchedulerService          : success
2024-02-05T23:06:10.662+05:30  WARN 5148 --- [           main] c.r.e.services.SchedulerService          : success
2024-02-05T23:06:10.662+05:30  WARN 5148 --- [           main] c.r.e.services.SchedulerService          : success
2024-02-05T23:06:10.662+05:30  WARN 5148 --- [           main] c.r.e.services.SchedulerService          : success
2024-02-05T23:06:10.662+05:30  WARN 5148 --- [           main] c.r.e.services.SchedulerService          : success
2024-02-05T23:06:10.662+05:30  WARN 5148 --- [           main] c.r.e.services.SchedulerService          : success
2024-02-05T23:06:10.662+05:30  WARN 5148 --- [           main] c.r.e.services.SchedulerService          : success
2024-02-05T23:06:10.663+05:30  WARN 5148 --- [           main] c.r.e.services.SchedulerService          : success
2024-02-05T23:06:10.663+05:30  WARN 5148 --- [           main] c.r.e.services.SchedulerService          : success
2024-02-05T23:06:10.663+05:30  WARN 5148 --- [           main] c.r.e.services.SchedulerService          : success
2024-02-05T23:06:10.663+05:30  WARN 5148 --- [           main] c.r.e.services.SchedulerService          : success
2024-02-05T23:06:10.663+05:30  WARN 5148 --- [           main] c.r.e.services.SchedulerService          : success
2024-02-05T23:06:10.664+05:30  WARN 5148 --- [           main] c.r.e.services.SchedulerService          : success
2024-02-05T23:06:10.664+05:30  WARN 5148 --- [           main] c.r.e.services.SchedulerService          : success
2024-02-05T23:06:10.664+05:30  WARN 5148 --- [           main] c.r.e.services.SchedulerService          : success
2024-02-05T23:06:10.664+05:30  WARN 5148 --- [           main] c.r.e.services.SchedulerService          : success
2024-02-05T23:06:10.664+05:30  WARN 5148 --- [           main] c.r.e.services.SchedulerService          : success
2024-02-05T23:06:10.664+05:30  WARN 5148 --- [           main] c.r.e.services.SchedulerService          : success
2024-02-05T23:06:10.665+05:30  WARN 5148 --- [           main] c.r.e.services.SchedulerService          : success
2024-02-05T23:06:10.665+05:30  WARN 5148 --- [           main] c.r.e.services.SchedulerService          : success
2024-02-05T23:06:10.665+05:30  WARN 5148 --- [           main] c.r.e.services.SchedulerService          : success
2024-02-05T23:06:10.665+05:30  WARN 5148 --- [           main] c.r.e.services.SchedulerService          : success
2024-02-05T23:06:10.665+05:30  WARN 5148 --- [           main] c.r.e.services.SchedulerService          : success
2024-02-05T23:06:10.665+05:30  WARN 5148 --- [           main] c.r.e.services.SchedulerService          : success
2024-02-05T23:06:10.666+05:30  WARN 5148 --- [           main] c.r.e.services.SchedulerService          : success
2024-02-05T23:06:10.666+05:30  WARN 5148 --- [           main] c.r.e.services.SchedulerService          : success
2024-02-05T23:06:10.666+05:30  WARN 5148 --- [           main] c.r.e.services.SchedulerService          : success
2024-02-05T23:06:10.666+05:30  WARN 5148 --- [           main] c.r.e.services.SchedulerService          : success
2024-02-05T23:06:10.666+05:30  WARN 5148 --- [           main] c.r.e.services.SchedulerService          : success
2024-02-05T23:06:10.666+05:30  WARN 5148 --- [           main] c.r.e.services.SchedulerService          : success
2024-02-05T23:06:10.667+05:30  WARN 5148 --- [           main] c.r.e.services.SchedulerService          : success
2024-02-05T23:06:10.667+05:30  WARN 5148 --- [           main] c.r.e.services.SchedulerService          : success
2024-02-05T23:06:10.667+05:30  WARN 5148 --- [           main] c.r.e.services.SchedulerService          : success
2024-02-05T23:06:10.667+05:30  WARN 5148 --- [           main] c.r.e.services.SchedulerService          : success
2024-02-05T23:06:10.667+05:30  WARN 5148 --- [           main] c.r.e.services.SchedulerService          : success
2024-02-05T23:06:10.667+05:30  WARN 5148 --- [           main] c.r.e.services.SchedulerService          : success
2024-02-05T23:06:10.668+05:30  WARN 5148 --- [           main] c.r.e.services.SchedulerService          : success
2024-02-05T23:06:10.668+05:30  WARN 5148 --- [           main] c.r.e.services.SchedulerService          : success
2024-02-05T23:06:10.668+05:30  WARN 5148 --- [           main] c.r.e.services.SchedulerService          : success
2024-02-05T23:06:10.668+05:30  WARN 5148 --- [           main] c.r.e.services.SchedulerService          : success
2024-02-05T23:06:10.668+05:30  WARN 5148 --- [           main] c.r.e.services.SchedulerService          : success
2024-02-05T23:06:10.668+05:30  WARN 5148 --- [           main] c.r.e.services.SchedulerService          : success
2024-02-05T23:06:10.668+05:30  WARN 5148 --- [           main] c.r.e.services.SchedulerService          : success
2024-02-05T23:06:10.669+05:30  WARN 5148 --- [           main] c.r.e.services.SchedulerService          : success
2024-02-05T23:06:10.669+05:30  WARN 5148 --- [           main] c.r.e.services.SchedulerService          : success
2024-02-05T23:06:10.669+05:30  WARN 5148 --- [           main] c.r.e.services.SchedulerService          : success
2024-02-05T23:06:10.669+05:30  WARN 5148 --- [           main] c.r.e.services.SchedulerService          : success
2024-02-05T23:06:10.669+05:30  WARN 5148 --- [           main] c.r.e.services.SchedulerService          : success
2024-02-05T23:06:10.669+05:30  WARN 5148 --- [           main] c.r.e.services.SchedulerService          : success
2024-02-05T23:06:10.670+05:30  WARN 5148 --- [           main] c.r.e.services.SchedulerService          : success
2024-02-05T23:06:10.670+05:30  WARN 5148 --- [           main] c.r.e.services.SchedulerService          : success
2024-02-05T23:06:10.670+05:30  WARN 5148 --- [           main] c.r.e.services.SchedulerService          : success
2024-02-05T23:06:10.670+05:30  WARN 5148 --- [           main] c.r.e.services.SchedulerService          : success
2024-02-05T23:06:10.671+05:30  WARN 5148 --- [           main] c.r.e.services.SchedulerService          : success
2024-02-05T23:06:10.671+05:30  WARN 5148 --- [           main] c.r.e.services.SchedulerService          : success
2024-02-05T23:06:10.671+05:30  WARN 5148 --- [           main] c.r.e.services.SchedulerService          : success
2024-02-05T23:06:10.672+05:30  WARN 5148 --- [           main] c.r.e.services.SchedulerService          : success
2024-02-05T23:06:10.672+05:30  WARN 5148 --- [           main] c.r.e.services.SchedulerService          : success
2024-02-05T23:06:10.673+05:30  WARN 5148 --- [           main] c.r.e.services.SchedulerService          : success
2024-02-05T23:06:10.673+05:30  WARN 5148 --- [           main] c.r.e.services.SchedulerService          : success
2024-02-05T23:06:10.673+05:30  WARN 5148 --- [           main] c.r.e.services.SchedulerService          : success
2024-02-05T23:06:10.674+05:30  WARN 5148 --- [           main] c.r.e.services.SchedulerService          : success
2024-02-05T23:06:10.674+05:30  WARN 5148 --- [           main] c.r.e.services.SchedulerService          : success
2024-02-05T23:06:10.674+05:30  WARN 5148 --- [           main] c.r.e.services.SchedulerService          : success
2024-02-05T23:06:10.675+05:30  WARN 5148 --- [           main] c.r.e.services.SchedulerService          : success
2024-02-05T23:06:10.675+05:30  WARN 5148 --- [           main] c.r.e.services.SchedulerService          : success
2024-02-05T23:06:10.675+05:30  WARN 5148 --- [           main] c.r.e.services.SchedulerService          : success
2024-02-05T23:06:10.676+05:30  WARN 5148 --- [           main] c.r.e.services.SchedulerService          : success
2024-02-05T23:06:10.676+05:30  WARN 5148 --- [           main] c.r.e.services.SchedulerService          : success
2024-02-05T23:06:10.676+05:30  WARN 5148 --- [           main] c.r.e.services.SchedulerService          : success
2024-02-05T23:06:10.677+05:30  WARN 5148 --- [           main] c.r.e.services.SchedulerService          : success
2024-02-05T23:06:10.677+05:30  WARN 5148 --- [           main] c.r.e.services.SchedulerService          : success
2024-02-05T23:06:10.677+05:30  WARN 5148 --- [           main] c.r.e.services.SchedulerService          : success
2024-02-05T23:06:10.678+05:30  WARN 5148 --- [           main] c.r.e.services.SchedulerService          : success
2024-02-05T23:06:10.678+05:30  WARN 5148 --- [           main] c.r.e.services.SchedulerService          : success
]]></system-out>
  </testcase>
</testsuite>